     source directory: /home/saman/Tahoe/toolbox/src
destination directory: /home/saman/Tahoe/toolbox/src-mirror
           ln command: ln -sf
found source directory /home/saman/Tahoe/toolbox/src
found destination directory /home/saman/Tahoe/toolbox/src-mirror
processing directory /home/saman/Tahoe/toolbox/src/bessel
found destination directory /home/saman/Tahoe/toolbox/src-mirror/bessel
     source directory: /home/saman/Tahoe/toolbox/src/bessel
destination directory: /home/saman/Tahoe/toolbox/src-mirror/bessel
           ln command: ln -sf
found source directory /home/saman/Tahoe/toolbox/src/bessel
found destination directory /home/saman/Tahoe/toolbox/src-mirror/bessel
ln -sf /home/saman/Tahoe/toolbox/src/bessel/apvt.h /home/saman/Tahoe/toolbox/src-mirror/bessel/apvt.h
ln -sf /home/saman/Tahoe/toolbox/src/bessel/bessel.h /home/saman/Tahoe/toolbox/src-mirror/bessel/bessel.h
ln -sf /home/saman/Tahoe/toolbox/src/bessel/stdafx.h /home/saman/Tahoe/toolbox/src-mirror/bessel/stdafx.h
ln -sf /home/saman/Tahoe/toolbox/src/bessel/makefile /home/saman/Tahoe/toolbox/src-mirror/bessel/makefile
ln -sf /home/saman/Tahoe/toolbox/src/bessel/bessel.cpp /home/saman/Tahoe/toolbox/src-mirror/bessel/bessel.cpp
ln -sf /home/saman/Tahoe/toolbox/src/bessel/ap.h /home/saman/Tahoe/toolbox/src-mirror/bessel/ap.h
processing directory /home/saman/Tahoe/toolbox/src/console
found destination directory /home/saman/Tahoe/toolbox/src-mirror/console
     source directory: /home/saman/Tahoe/toolbox/src/console
destination directory: /home/saman/Tahoe/toolbox/src-mirror/console
           ln command: ln -sf
found source directory /home/saman/Tahoe/toolbox/src/console
found destination directory /home/saman/Tahoe/toolbox/src-mirror/console
ln -sf /home/saman/Tahoe/toolbox/src/console/ArgSpecT.h /home/saman/Tahoe/toolbox/src-mirror/console/ArgSpecT.h
ln -sf /home/saman/Tahoe/toolbox/src/console/iConsoleObjectT.cpp /home/saman/Tahoe/toolbox/src-mirror/console/iConsoleObjectT.cpp
ln -sf /home/saman/Tahoe/toolbox/src/console/iConsoleBaseT.h /home/saman/Tahoe/toolbox/src-mirror/console/iConsoleBaseT.h
ln -sf /home/saman/Tahoe/toolbox/src/console/CommandSpecT.h /home/saman/Tahoe/toolbox/src-mirror/console/CommandSpecT.h
ln -sf /home/saman/Tahoe/toolbox/src/console/iConsoleBaseT.cpp /home/saman/Tahoe/toolbox/src-mirror/console/iConsoleBaseT.cpp
ln -sf /home/saman/Tahoe/toolbox/src/console/CommandSpecT.cpp /home/saman/Tahoe/toolbox/src-mirror/console/CommandSpecT.cpp
ln -sf /home/saman/Tahoe/toolbox/src/console/makefile /home/saman/Tahoe/toolbox/src-mirror/console/makefile
ln -sf /home/saman/Tahoe/toolbox/src/console/iConsoleObjectT.h /home/saman/Tahoe/toolbox/src-mirror/console/iConsoleObjectT.h
ln -sf /home/saman/Tahoe/toolbox/src/console/iConsoleT.h /home/saman/Tahoe/toolbox/src-mirror/console/iConsoleT.h
ln -sf /home/saman/Tahoe/toolbox/src/console/ArgSpecT.cpp /home/saman/Tahoe/toolbox/src-mirror/console/ArgSpecT.cpp
ln -sf /home/saman/Tahoe/toolbox/src/console/iConsoleT.cpp /home/saman/Tahoe/toolbox/src-mirror/console/iConsoleT.cpp
processing directory /home/saman/Tahoe/toolbox/src/geometry
found destination directory /home/saman/Tahoe/toolbox/src-mirror/geometry
     source directory: /home/saman/Tahoe/toolbox/src/geometry
destination directory: /home/saman/Tahoe/toolbox/src-mirror/geometry
           ln command: ln -sf
found source directory /home/saman/Tahoe/toolbox/src/geometry
found destination directory /home/saman/Tahoe/toolbox/src-mirror/geometry
ln -sf /home/saman/Tahoe/toolbox/src/geometry/QuadT.cpp /home/saman/Tahoe/toolbox/src-mirror/geometry/QuadT.cpp
ln -sf /home/saman/Tahoe/toolbox/src/geometry/LineT.cpp /home/saman/Tahoe/toolbox/src-mirror/geometry/LineT.cpp
ln -sf /home/saman/Tahoe/toolbox/src/geometry/GeometryT.cpp /home/saman/Tahoe/toolbox/src-mirror/geometry/GeometryT.cpp
ln -sf /home/saman/Tahoe/toolbox/src/geometry/ParentDomainT.cpp /home/saman/Tahoe/toolbox/src-mirror/geometry/ParentDomainT.cpp
ln -sf /home/saman/Tahoe/toolbox/src/geometry/GeometryBaseT.h /home/saman/Tahoe/toolbox/src-mirror/geometry/GeometryBaseT.h
ln -sf /home/saman/Tahoe/toolbox/src/geometry/TriT.cpp /home/saman/Tahoe/toolbox/src-mirror/geometry/TriT.cpp
ln -sf /home/saman/Tahoe/toolbox/src/geometry/PentahedronT.h /home/saman/Tahoe/toolbox/src-mirror/geometry/PentahedronT.h
ln -sf /home/saman/Tahoe/toolbox/src/geometry/PentahedronT.cpp /home/saman/Tahoe/toolbox/src-mirror/geometry/PentahedronT.cpp
ln -sf /home/saman/Tahoe/toolbox/src/geometry/TriT.h /home/saman/Tahoe/toolbox/src-mirror/geometry/TriT.h
ln -sf /home/saman/Tahoe/toolbox/src/geometry/makefile /home/saman/Tahoe/toolbox/src-mirror/geometry/makefile
ln -sf /home/saman/Tahoe/toolbox/src/geometry/QuadT.h /home/saman/Tahoe/toolbox/src-mirror/geometry/QuadT.h
ln -sf /home/saman/Tahoe/toolbox/src/geometry/LineT.h /home/saman/Tahoe/toolbox/src-mirror/geometry/LineT.h
ln -sf /home/saman/Tahoe/toolbox/src/geometry/GeometryBaseT.cpp /home/saman/Tahoe/toolbox/src-mirror/geometry/GeometryBaseT.cpp
ln -sf /home/saman/Tahoe/toolbox/src/geometry/ParentDomainT.h /home/saman/Tahoe/toolbox/src-mirror/geometry/ParentDomainT.h
ln -sf /home/saman/Tahoe/toolbox/src/geometry/HexahedronT.h /home/saman/Tahoe/toolbox/src-mirror/geometry/HexahedronT.h
ln -sf /home/saman/Tahoe/toolbox/src/geometry/TetrahedronT.h /home/saman/Tahoe/toolbox/src-mirror/geometry/TetrahedronT.h
ln -sf /home/saman/Tahoe/toolbox/src/geometry/TetrahedronT.cpp /home/saman/Tahoe/toolbox/src-mirror/geometry/TetrahedronT.cpp
ln -sf /home/saman/Tahoe/toolbox/src/geometry/HexahedronT.cpp /home/saman/Tahoe/toolbox/src-mirror/geometry/HexahedronT.cpp
ln -sf /home/saman/Tahoe/toolbox/src/geometry/GeometryT.h /home/saman/Tahoe/toolbox/src-mirror/geometry/GeometryT.h
processing directory /home/saman/Tahoe/toolbox/src/param_tree
found destination directory /home/saman/Tahoe/toolbox/src-mirror/param_tree
     source directory: /home/saman/Tahoe/toolbox/src/param_tree
destination directory: /home/saman/Tahoe/toolbox/src-mirror/param_tree
           ln command: ln -sf
found source directory /home/saman/Tahoe/toolbox/src/param_tree
found destination directory /home/saman/Tahoe/toolbox/src-mirror/param_tree
ln -sf /home/saman/Tahoe/toolbox/src/param_tree/ParameterContainerT.h /home/saman/Tahoe/toolbox/src-mirror/param_tree/ParameterContainerT.h
ln -sf /home/saman/Tahoe/toolbox/src/param_tree/ParameterContainerT.cpp /home/saman/Tahoe/toolbox/src-mirror/param_tree/ParameterContainerT.cpp
ln -sf /home/saman/Tahoe/toolbox/src/param_tree/ValueT.h /home/saman/Tahoe/toolbox/src-mirror/param_tree/ValueT.h
ln -sf /home/saman/Tahoe/toolbox/src/param_tree/ParameterUtils.cpp /home/saman/Tahoe/toolbox/src-mirror/param_tree/ParameterUtils.cpp
ln -sf /home/saman/Tahoe/toolbox/src/param_tree/ParameterInterfaceT.h /home/saman/Tahoe/toolbox/src-mirror/param_tree/ParameterInterfaceT.h
ln -sf /home/saman/Tahoe/toolbox/src/param_tree/LimitT.h /home/saman/Tahoe/toolbox/src-mirror/param_tree/LimitT.h
ln -sf /home/saman/Tahoe/toolbox/src/param_tree/expat_ParseT.cpp /home/saman/Tahoe/toolbox/src-mirror/param_tree/expat_ParseT.cpp
ln -sf /home/saman/Tahoe/toolbox/src/param_tree/ValueT.cpp /home/saman/Tahoe/toolbox/src-mirror/param_tree/ValueT.cpp
ln -sf /home/saman/Tahoe/toolbox/src/param_tree/LimitT.cpp /home/saman/Tahoe/toolbox/src-mirror/param_tree/LimitT.cpp
ln -sf /home/saman/Tahoe/toolbox/src/param_tree/XML_Attribute_FormatterT.h /home/saman/Tahoe/toolbox/src-mirror/param_tree/XML_Attribute_FormatterT.h
ln -sf /home/saman/Tahoe/toolbox/src/param_tree/expat_ParseT.h /home/saman/Tahoe/toolbox/src-mirror/param_tree/expat_ParseT.h
ln -sf /home/saman/Tahoe/toolbox/src/param_tree/XML_Attribute_FormatterT.cpp /home/saman/Tahoe/toolbox/src-mirror/param_tree/XML_Attribute_FormatterT.cpp
ln -sf /home/saman/Tahoe/toolbox/src/param_tree/makefile /home/saman/Tahoe/toolbox/src-mirror/param_tree/makefile
ln -sf /home/saman/Tahoe/toolbox/src/param_tree/ParameterInterfaceT.cpp /home/saman/Tahoe/toolbox/src-mirror/param_tree/ParameterInterfaceT.cpp
ln -sf /home/saman/Tahoe/toolbox/src/param_tree/DotLine_FormatterT.cpp /home/saman/Tahoe/toolbox/src-mirror/param_tree/DotLine_FormatterT.cpp
ln -sf /home/saman/Tahoe/toolbox/src/param_tree/XML_Atomic_FormatterT.cpp /home/saman/Tahoe/toolbox/src-mirror/param_tree/XML_Atomic_FormatterT.cpp
ln -sf /home/saman/Tahoe/toolbox/src/param_tree/DotLine_FormatterT.h /home/saman/Tahoe/toolbox/src-mirror/param_tree/DotLine_FormatterT.h
ln -sf /home/saman/Tahoe/toolbox/src/param_tree/ParameterTreeT.cpp /home/saman/Tahoe/toolbox/src-mirror/param_tree/ParameterTreeT.cpp
ln -sf /home/saman/Tahoe/toolbox/src/param_tree/ParameterUtils.h /home/saman/Tahoe/toolbox/src-mirror/param_tree/ParameterUtils.h
ln -sf /home/saman/Tahoe/toolbox/src/param_tree/FormatterT.cpp /home/saman/Tahoe/toolbox/src-mirror/param_tree/FormatterT.cpp
ln -sf /home/saman/Tahoe/toolbox/src/param_tree/ParameterListT.cpp /home/saman/Tahoe/toolbox/src-mirror/param_tree/ParameterListT.cpp
ln -sf /home/saman/Tahoe/toolbox/src/param_tree/FormatterT.h /home/saman/Tahoe/toolbox/src-mirror/param_tree/FormatterT.h
ln -sf /home/saman/Tahoe/toolbox/src/param_tree/ParameterListT.h /home/saman/Tahoe/toolbox/src-mirror/param_tree/ParameterListT.h
ln -sf /home/saman/Tahoe/toolbox/src/param_tree/ParameterT.h /home/saman/Tahoe/toolbox/src-mirror/param_tree/ParameterT.h
ln -sf /home/saman/Tahoe/toolbox/src/param_tree/ParameterT.cpp /home/saman/Tahoe/toolbox/src-mirror/param_tree/ParameterT.cpp
ln -sf /home/saman/Tahoe/toolbox/src/param_tree/XML_Atomic_FormatterT.h /home/saman/Tahoe/toolbox/src-mirror/param_tree/XML_Atomic_FormatterT.h
ln -sf /home/saman/Tahoe/toolbox/src/param_tree/ParameterTreeT.h /home/saman/Tahoe/toolbox/src-mirror/param_tree/ParameterTreeT.h
processing directory /home/saman/Tahoe/toolbox/src/C1functions
found destination directory /home/saman/Tahoe/toolbox/src-mirror/C1functions
     source directory: /home/saman/Tahoe/toolbox/src/C1functions
destination directory: /home/saman/Tahoe/toolbox/src-mirror/C1functions
           ln command: ln -sf
found source directory /home/saman/Tahoe/toolbox/src/C1functions
found destination directory /home/saman/Tahoe/toolbox/src-mirror/C1functions
ln -sf /home/saman/Tahoe/toolbox/src/C1functions/PowerLawT.cpp /home/saman/Tahoe/toolbox/src-mirror/C1functions/PowerLawT.cpp
ln -sf /home/saman/Tahoe/toolbox/src/C1functions/CosinePlusT.cpp /home/saman/Tahoe/toolbox/src-mirror/C1functions/CosinePlusT.cpp
ln -sf /home/saman/Tahoe/toolbox/src/C1functions/InvLangevin.cpp /home/saman/Tahoe/toolbox/src-mirror/C1functions/InvLangevin.cpp
ln -sf /home/saman/Tahoe/toolbox/src/C1functions/LinearDecreaseT.h /home/saman/Tahoe/toolbox/src-mirror/C1functions/LinearDecreaseT.h
ln -sf /home/saman/Tahoe/toolbox/src/C1functions/C1FunctionT.cpp /home/saman/Tahoe/toolbox/src-mirror/C1functions/C1FunctionT.cpp
ln -sf /home/saman/Tahoe/toolbox/src/C1functions/LinearExponentialT.cpp /home/saman/Tahoe/toolbox/src-mirror/C1functions/LinearExponentialT.cpp
ln -sf /home/saman/Tahoe/toolbox/src/C1functions/SF2.cpp /home/saman/Tahoe/toolbox/src-mirror/C1functions/SF2.cpp
ln -sf /home/saman/Tahoe/toolbox/src/C1functions/InvLangevin.h /home/saman/Tahoe/toolbox/src-mirror/C1functions/InvLangevin.h
ln -sf /home/saman/Tahoe/toolbox/src/C1functions/CosineT.cpp /home/saman/Tahoe/toolbox/src-mirror/C1functions/CosineT.cpp
ln -sf /home/saman/Tahoe/toolbox/src/C1functions/SF2.h /home/saman/Tahoe/toolbox/src-mirror/C1functions/SF2.h
ln -sf /home/saman/Tahoe/toolbox/src/C1functions/GaoKlein.h /home/saman/Tahoe/toolbox/src-mirror/C1functions/GaoKlein.h
ln -sf /home/saman/Tahoe/toolbox/src/C1functions/LinearExponentialT.h /home/saman/Tahoe/toolbox/src-mirror/C1functions/LinearExponentialT.h
ln -sf /home/saman/Tahoe/toolbox/src/C1functions/ModBessel.h /home/saman/Tahoe/toolbox/src-mirror/C1functions/ModBessel.h
ln -sf /home/saman/Tahoe/toolbox/src/C1functions/GaoJi2.cpp /home/saman/Tahoe/toolbox/src-mirror/C1functions/GaoJi2.cpp
ln -sf /home/saman/Tahoe/toolbox/src/C1functions/ModSmithFerrante.h /home/saman/Tahoe/toolbox/src-mirror/C1functions/ModSmithFerrante.h
ln -sf /home/saman/Tahoe/toolbox/src/C1functions/ErrorFunc.cpp /home/saman/Tahoe/toolbox/src-mirror/C1functions/ErrorFunc.cpp
ln -sf /home/saman/Tahoe/toolbox/src/C1functions/CubicSplineT.cpp /home/saman/Tahoe/toolbox/src-mirror/C1functions/CubicSplineT.cpp
ln -sf /home/saman/Tahoe/toolbox/src/C1functions/Gamma.h /home/saman/Tahoe/toolbox/src-mirror/C1functions/Gamma.h
ln -sf /home/saman/Tahoe/toolbox/src/C1functions/LennardJones612.h /home/saman/Tahoe/toolbox/src-mirror/C1functions/LennardJones612.h
ln -sf /home/saman/Tahoe/toolbox/src/C1functions/ConstQuadT.h /home/saman/Tahoe/toolbox/src-mirror/C1functions/ConstQuadT.h
ln -sf /home/saman/Tahoe/toolbox/src/C1functions/GaoJi.h /home/saman/Tahoe/toolbox/src-mirror/C1functions/GaoJi.h
ln -sf /home/saman/Tahoe/toolbox/src/C1functions/ParabolaT.h /home/saman/Tahoe/toolbox/src-mirror/C1functions/ParabolaT.h
ln -sf /home/saman/Tahoe/toolbox/src/C1functions/C1FunctionT.h /home/saman/Tahoe/toolbox/src-mirror/C1functions/C1FunctionT.h
ln -sf /home/saman/Tahoe/toolbox/src/C1functions/ErrorFunc.h /home/saman/Tahoe/toolbox/src-mirror/C1functions/ErrorFunc.h
ln -sf /home/saman/Tahoe/toolbox/src/C1functions/GaoJi.cpp /home/saman/Tahoe/toolbox/src-mirror/C1functions/GaoJi.cpp
ln -sf /home/saman/Tahoe/toolbox/src/C1functions/ModBessel.cpp /home/saman/Tahoe/toolbox/src-mirror/C1functions/ModBessel.cpp
ln -sf /home/saman/Tahoe/toolbox/src/C1functions/PhiSplineT.cpp /home/saman/Tahoe/toolbox/src-mirror/C1functions/PhiSplineT.cpp
ln -sf /home/saman/Tahoe/toolbox/src/C1functions/PiecewiseLinearT.cpp /home/saman/Tahoe/toolbox/src-mirror/C1functions/PiecewiseLinearT.cpp
ln -sf /home/saman/Tahoe/toolbox/src/C1functions/Gamma.cpp /home/saman/Tahoe/toolbox/src-mirror/C1functions/Gamma.cpp
ln -sf /home/saman/Tahoe/toolbox/src/C1functions/Triantafyllidis.h /home/saman/Tahoe/toolbox/src-mirror/C1functions/Triantafyllidis.h
ln -sf /home/saman/Tahoe/toolbox/src/C1functions/makefile /home/saman/Tahoe/toolbox/src-mirror/C1functions/makefile
ln -sf /home/saman/Tahoe/toolbox/src/C1functions/C1FunctionT_factory.cpp /home/saman/Tahoe/toolbox/src-mirror/C1functions/C1FunctionT_factory.cpp
ln -sf /home/saman/Tahoe/toolbox/src/C1functions/GaoKlein.cpp /home/saman/Tahoe/toolbox/src-mirror/C1functions/GaoKlein.cpp
ln -sf /home/saman/Tahoe/toolbox/src/C1functions/LinearT.cpp /home/saman/Tahoe/toolbox/src-mirror/C1functions/LinearT.cpp
ln -sf /home/saman/Tahoe/toolbox/src/C1functions/CubicSplineT.h /home/saman/Tahoe/toolbox/src-mirror/C1functions/CubicSplineT.h
ln -sf /home/saman/Tahoe/toolbox/src/C1functions/ParabolaT.cpp /home/saman/Tahoe/toolbox/src-mirror/C1functions/ParabolaT.cpp
ln -sf /home/saman/Tahoe/toolbox/src/C1functions/Triantafyllidis.cpp /home/saman/Tahoe/toolbox/src-mirror/C1functions/Triantafyllidis.cpp
ln -sf /home/saman/Tahoe/toolbox/src/C1functions/GaoVicky.cpp /home/saman/Tahoe/toolbox/src-mirror/C1functions/GaoVicky.cpp
ln -sf /home/saman/Tahoe/toolbox/src/C1functions/SmithFerrante.cpp /home/saman/Tahoe/toolbox/src-mirror/C1functions/SmithFerrante.cpp
ln -sf /home/saman/Tahoe/toolbox/src/C1functions/ModSmithFerrante.cpp /home/saman/Tahoe/toolbox/src-mirror/C1functions/ModSmithFerrante.cpp
ln -sf /home/saman/Tahoe/toolbox/src/C1functions/PiecewiseLinearT.h /home/saman/Tahoe/toolbox/src-mirror/C1functions/PiecewiseLinearT.h
ln -sf /home/saman/Tahoe/toolbox/src/C1functions/PhiSplineT.h /home/saman/Tahoe/toolbox/src-mirror/C1functions/PhiSplineT.h
ln -sf /home/saman/Tahoe/toolbox/src/C1functions/LennardJones612.cpp /home/saman/Tahoe/toolbox/src-mirror/C1functions/LennardJones612.cpp
ln -sf /home/saman/Tahoe/toolbox/src/C1functions/CosinePlusT.h /home/saman/Tahoe/toolbox/src-mirror/C1functions/CosinePlusT.h
ln -sf /home/saman/Tahoe/toolbox/src/C1functions/LinearDecreaseT.cpp /home/saman/Tahoe/toolbox/src-mirror/C1functions/LinearDecreaseT.cpp
ln -sf /home/saman/Tahoe/toolbox/src/C1functions/PowerLawT.h /home/saman/Tahoe/toolbox/src-mirror/C1functions/PowerLawT.h
ln -sf /home/saman/Tahoe/toolbox/src/C1functions/CosineT.h /home/saman/Tahoe/toolbox/src-mirror/C1functions/CosineT.h
ln -sf /home/saman/Tahoe/toolbox/src/C1functions/GaoVicky.h /home/saman/Tahoe/toolbox/src-mirror/C1functions/GaoVicky.h
ln -sf /home/saman/Tahoe/toolbox/src/C1functions/ConstQuadT.cpp /home/saman/Tahoe/toolbox/src-mirror/C1functions/ConstQuadT.cpp
ln -sf /home/saman/Tahoe/toolbox/src/C1functions/GaoJi2.h /home/saman/Tahoe/toolbox/src-mirror/C1functions/GaoJi2.h
ln -sf /home/saman/Tahoe/toolbox/src/C1functions/LinearT.h /home/saman/Tahoe/toolbox/src-mirror/C1functions/LinearT.h
ln -sf /home/saman/Tahoe/toolbox/src/C1functions/SmithFerrante.h /home/saman/Tahoe/toolbox/src-mirror/C1functions/SmithFerrante.h
processing directory /home/saman/Tahoe/toolbox/src/fstreamT
found destination directory /home/saman/Tahoe/toolbox/src-mirror/fstreamT
     source directory: /home/saman/Tahoe/toolbox/src/fstreamT
destination directory: /home/saman/Tahoe/toolbox/src-mirror/fstreamT
           ln command: ln -sf
found source directory /home/saman/Tahoe/toolbox/src/fstreamT
found destination directory /home/saman/Tahoe/toolbox/src-mirror/fstreamT
ln -sf /home/saman/Tahoe/toolbox/src/fstreamT/ofstreamT.h /home/saman/Tahoe/toolbox/src-mirror/fstreamT/ofstreamT.h
ln -sf /home/saman/Tahoe/toolbox/src/fstreamT/ifstreamT.cpp /home/saman/Tahoe/toolbox/src-mirror/fstreamT/ifstreamT.cpp
ln -sf /home/saman/Tahoe/toolbox/src/fstreamT/makefile /home/saman/Tahoe/toolbox/src-mirror/fstreamT/makefile
ln -sf /home/saman/Tahoe/toolbox/src/fstreamT/fstreamT.h /home/saman/Tahoe/toolbox/src-mirror/fstreamT/fstreamT.h
ln -sf /home/saman/Tahoe/toolbox/src/fstreamT/fstreamT.cpp /home/saman/Tahoe/toolbox/src-mirror/fstreamT/fstreamT.cpp
ln -sf /home/saman/Tahoe/toolbox/src/fstreamT/ofstreamT.cpp /home/saman/Tahoe/toolbox/src-mirror/fstreamT/ofstreamT.cpp
ln -sf /home/saman/Tahoe/toolbox/src/fstreamT/ifstreamT.h /home/saman/Tahoe/toolbox/src-mirror/fstreamT/ifstreamT.h
processing directory /home/saman/Tahoe/toolbox/src/pch
found destination directory /home/saman/Tahoe/toolbox/src-mirror/pch
     source directory: /home/saman/Tahoe/toolbox/src/pch
destination directory: /home/saman/Tahoe/toolbox/src-mirror/pch
           ln command: ln -sf
found source directory /home/saman/Tahoe/toolbox/src/pch
found destination directory /home/saman/Tahoe/toolbox/src-mirror/pch
ln -sf /home/saman/Tahoe/toolbox/src/pch/toolbox.Win32.pch++ /home/saman/Tahoe/toolbox/src-mirror/pch/toolbox.Win32.pch++
ln -sf /home/saman/Tahoe/toolbox/src/pch/toolboxOptions.h.template /home/saman/Tahoe/toolbox/src-mirror/pch/toolboxOptions.h.template
ln -sf /home/saman/Tahoe/toolbox/src/pch/toolbox.MacOS.pch++ /home/saman/Tahoe/toolbox/src-mirror/pch/toolbox.MacOS.pch++
ln -sf /home/saman/Tahoe/toolbox/src/pch/toolboxPrefix.h /home/saman/Tahoe/toolbox/src-mirror/pch/toolboxPrefix.h
processing directory /home/saman/Tahoe/toolbox/src/misc
found destination directory /home/saman/Tahoe/toolbox/src-mirror/misc
     source directory: /home/saman/Tahoe/toolbox/src/misc
destination directory: /home/saman/Tahoe/toolbox/src-mirror/misc
           ln command: ln -sf
found source directory /home/saman/Tahoe/toolbox/src/misc
found destination directory /home/saman/Tahoe/toolbox/src-mirror/misc
ln -sf /home/saman/Tahoe/toolbox/src/misc/InverseMapT.cpp /home/saman/Tahoe/toolbox/src-mirror/misc/InverseMapT.cpp
ln -sf /home/saman/Tahoe/toolbox/src/misc/InverseMapT.h /home/saman/Tahoe/toolbox/src-mirror/misc/InverseMapT.h
ln -sf /home/saman/Tahoe/toolbox/src/misc/MapSetT.h /home/saman/Tahoe/toolbox/src-mirror/misc/MapSetT.h
ln -sf /home/saman/Tahoe/toolbox/src/misc/LocalParabolaT.h /home/saman/Tahoe/toolbox/src-mirror/misc/LocalParabolaT.h
ln -sf /home/saman/Tahoe/toolbox/src/misc/FileCrawlerT.cpp /home/saman/Tahoe/toolbox/src-mirror/misc/FileCrawlerT.cpp
ln -sf /home/saman/Tahoe/toolbox/src/misc/Rotate3DT.h /home/saman/Tahoe/toolbox/src-mirror/misc/Rotate3DT.h
ln -sf /home/saman/Tahoe/toolbox/src/misc/Rotate2DT.cpp /home/saman/Tahoe/toolbox/src-mirror/misc/Rotate2DT.cpp
ln -sf /home/saman/Tahoe/toolbox/src/misc/LocalParabolaT.cpp /home/saman/Tahoe/toolbox/src-mirror/misc/LocalParabolaT.cpp
ln -sf /home/saman/Tahoe/toolbox/src/misc/makefile /home/saman/Tahoe/toolbox/src-mirror/misc/makefile
ln -sf /home/saman/Tahoe/toolbox/src/misc/MonitorT.h /home/saman/Tahoe/toolbox/src-mirror/misc/MonitorT.h
ln -sf /home/saman/Tahoe/toolbox/src/misc/SecantMethodT.cpp /home/saman/Tahoe/toolbox/src-mirror/misc/SecantMethodT.cpp
ln -sf /home/saman/Tahoe/toolbox/src/misc/GroupAverageT.h /home/saman/Tahoe/toolbox/src-mirror/misc/GroupAverageT.h
ln -sf /home/saman/Tahoe/toolbox/src/misc/GroupAverageT.cpp /home/saman/Tahoe/toolbox/src-mirror/misc/GroupAverageT.cpp
ln -sf /home/saman/Tahoe/toolbox/src/misc/Rotate3DT.cpp /home/saman/Tahoe/toolbox/src-mirror/misc/Rotate3DT.cpp
ln -sf /home/saman/Tahoe/toolbox/src/misc/SpectralDecompT.cpp /home/saman/Tahoe/toolbox/src-mirror/misc/SpectralDecompT.cpp
ln -sf /home/saman/Tahoe/toolbox/src/misc/FileCrawlerT.h /home/saman/Tahoe/toolbox/src-mirror/misc/FileCrawlerT.h
ln -sf /home/saman/Tahoe/toolbox/src/misc/SpectralDecompT.h /home/saman/Tahoe/toolbox/src-mirror/misc/SpectralDecompT.h
ln -sf /home/saman/Tahoe/toolbox/src/misc/SecantMethodT.h /home/saman/Tahoe/toolbox/src-mirror/misc/SecantMethodT.h
ln -sf /home/saman/Tahoe/toolbox/src/misc/MonitorT.cpp /home/saman/Tahoe/toolbox/src-mirror/misc/MonitorT.cpp
ln -sf /home/saman/Tahoe/toolbox/src/misc/Rotate2DT.h /home/saman/Tahoe/toolbox/src-mirror/misc/Rotate2DT.h
processing directory /home/saman/Tahoe/toolbox/src/search
found destination directory /home/saman/Tahoe/toolbox/src-mirror/search
     source directory: /home/saman/Tahoe/toolbox/src/search
destination directory: /home/saman/Tahoe/toolbox/src-mirror/search
           ln command: ln -sf
found source directory /home/saman/Tahoe/toolbox/src/search
found destination directory /home/saman/Tahoe/toolbox/src-mirror/search
ln -sf /home/saman/Tahoe/toolbox/src/search/iGridManagerT.h /home/saman/Tahoe/toolbox/src-mirror/search/iGridManagerT.h
ln -sf /home/saman/Tahoe/toolbox/src/search/iGridManager3DT.h /home/saman/Tahoe/toolbox/src-mirror/search/iGridManager3DT.h
ln -sf /home/saman/Tahoe/toolbox/src/search/iGridManagerT.cpp /home/saman/Tahoe/toolbox/src-mirror/search/iGridManagerT.cpp
ln -sf /home/saman/Tahoe/toolbox/src/search/GridManager3DT.h /home/saman/Tahoe/toolbox/src-mirror/search/GridManager3DT.h
ln -sf /home/saman/Tahoe/toolbox/src/search/CartesianGridT.h /home/saman/Tahoe/toolbox/src-mirror/search/CartesianGridT.h
ln -sf /home/saman/Tahoe/toolbox/src/search/CartesianGridT.cpp /home/saman/Tahoe/toolbox/src-mirror/search/CartesianGridT.cpp
ln -sf /home/saman/Tahoe/toolbox/src/search/iNodeT.cpp /home/saman/Tahoe/toolbox/src-mirror/search/iNodeT.cpp
ln -sf /home/saman/Tahoe/toolbox/src/search/iGridManager1DT.h /home/saman/Tahoe/toolbox/src-mirror/search/iGridManager1DT.h
ln -sf /home/saman/Tahoe/toolbox/src/search/makefile /home/saman/Tahoe/toolbox/src-mirror/search/makefile
ln -sf /home/saman/Tahoe/toolbox/src/search/GridManager2DT.h /home/saman/Tahoe/toolbox/src-mirror/search/GridManager2DT.h
ln -sf /home/saman/Tahoe/toolbox/src/search/GridManager1DT.h /home/saman/Tahoe/toolbox/src-mirror/search/GridManager1DT.h
ln -sf /home/saman/Tahoe/toolbox/src/search/iGridManager1DT.cpp /home/saman/Tahoe/toolbox/src-mirror/search/iGridManager1DT.cpp
ln -sf /home/saman/Tahoe/toolbox/src/search/iPeriodicGrid3DT.h /home/saman/Tahoe/toolbox/src-mirror/search/iPeriodicGrid3DT.h
ln -sf /home/saman/Tahoe/toolbox/src/search/iPeriodicGrid3DT.cpp /home/saman/Tahoe/toolbox/src-mirror/search/iPeriodicGrid3DT.cpp
ln -sf /home/saman/Tahoe/toolbox/src/search/iGridManager3DT.cpp /home/saman/Tahoe/toolbox/src-mirror/search/iGridManager3DT.cpp
ln -sf /home/saman/Tahoe/toolbox/src/search/iNodeT.h /home/saman/Tahoe/toolbox/src-mirror/search/iNodeT.h
ln -sf /home/saman/Tahoe/toolbox/src/search/iGridManager2DT.h /home/saman/Tahoe/toolbox/src-mirror/search/iGridManager2DT.h
ln -sf /home/saman/Tahoe/toolbox/src/search/iGridManager2DT.cpp /home/saman/Tahoe/toolbox/src-mirror/search/iGridManager2DT.cpp
ln -sf /home/saman/Tahoe/toolbox/src/makefile /home/saman/Tahoe/toolbox/src-mirror/makefile
processing directory /home/saman/Tahoe/toolbox/src/linkedlist
found destination directory /home/saman/Tahoe/toolbox/src-mirror/linkedlist
     source directory: /home/saman/Tahoe/toolbox/src/linkedlist
destination directory: /home/saman/Tahoe/toolbox/src-mirror/linkedlist
           ln command: ln -sf
found source directory /home/saman/Tahoe/toolbox/src/linkedlist
found destination directory /home/saman/Tahoe/toolbox/src-mirror/linkedlist
ln -sf /home/saman/Tahoe/toolbox/src/linkedlist/ListNodeT.h /home/saman/Tahoe/toolbox/src-mirror/linkedlist/ListNodeT.h
ln -sf /home/saman/Tahoe/toolbox/src/linkedlist/MapT.h /home/saman/Tahoe/toolbox/src-mirror/linkedlist/MapT.h
ln -sf /home/saman/Tahoe/toolbox/src/linkedlist/LinkedListT.h /home/saman/Tahoe/toolbox/src-mirror/linkedlist/LinkedListT.h
ln -sf /home/saman/Tahoe/toolbox/src/linkedlist/makefile /home/saman/Tahoe/toolbox/src-mirror/linkedlist/makefile
ln -sf /home/saman/Tahoe/toolbox/src/linkedlist/MapNodeT.h /home/saman/Tahoe/toolbox/src-mirror/linkedlist/MapNodeT.h
ln -sf /home/saman/Tahoe/toolbox/src/linkedlist/MapIteratorT.h /home/saman/Tahoe/toolbox/src-mirror/linkedlist/MapIteratorT.h
ln -sf /home/saman/Tahoe/toolbox/src/linkedlist/BinaryTreeT.h /home/saman/Tahoe/toolbox/src-mirror/linkedlist/BinaryTreeT.h
ln -sf /home/saman/Tahoe/toolbox/src/linkedlist/BTreeNodeT.h /home/saman/Tahoe/toolbox/src-mirror/linkedlist/BTreeNodeT.h
processing directory /home/saman/Tahoe/toolbox/src/graph
found destination directory /home/saman/Tahoe/toolbox/src-mirror/graph
     source directory: /home/saman/Tahoe/toolbox/src/graph
destination directory: /home/saman/Tahoe/toolbox/src-mirror/graph
           ln command: ln -sf
found source directory /home/saman/Tahoe/toolbox/src/graph
found destination directory /home/saman/Tahoe/toolbox/src-mirror/graph
ln -sf /home/saman/Tahoe/toolbox/src/graph/RootedLevelT.cpp /home/saman/Tahoe/toolbox/src-mirror/graph/RootedLevelT.cpp
ln -sf /home/saman/Tahoe/toolbox/src/graph/GraphBaseT.h /home/saman/Tahoe/toolbox/src-mirror/graph/GraphBaseT.h
ln -sf /home/saman/Tahoe/toolbox/src/graph/CMReLabellerT.h /home/saman/Tahoe/toolbox/src-mirror/graph/CMReLabellerT.h
ln -sf /home/saman/Tahoe/toolbox/src/graph/MSRBuilderT.h /home/saman/Tahoe/toolbox/src-mirror/graph/MSRBuilderT.h
ln -sf /home/saman/Tahoe/toolbox/src/graph/PriorityQueueT.h /home/saman/Tahoe/toolbox/src-mirror/graph/PriorityQueueT.h
ln -sf /home/saman/Tahoe/toolbox/src/graph/CMReLabellerT.cpp /home/saman/Tahoe/toolbox/src-mirror/graph/CMReLabellerT.cpp
ln -sf /home/saman/Tahoe/toolbox/src/graph/PriorityQueueT.cpp /home/saman/Tahoe/toolbox/src-mirror/graph/PriorityQueueT.cpp
ln -sf /home/saman/Tahoe/toolbox/src/graph/makefile /home/saman/Tahoe/toolbox/src-mirror/graph/makefile
ln -sf /home/saman/Tahoe/toolbox/src/graph/ReLabellerT.cpp /home/saman/Tahoe/toolbox/src-mirror/graph/ReLabellerT.cpp
ln -sf /home/saman/Tahoe/toolbox/src/graph/GraphBaseT.cpp /home/saman/Tahoe/toolbox/src-mirror/graph/GraphBaseT.cpp
ln -sf /home/saman/Tahoe/toolbox/src/graph/GraphT.h /home/saman/Tahoe/toolbox/src-mirror/graph/GraphT.h
ln -sf /home/saman/Tahoe/toolbox/src/graph/PartitionT.cpp /home/saman/Tahoe/toolbox/src-mirror/graph/PartitionT.cpp
ln -sf /home/saman/Tahoe/toolbox/src/graph/PartitionT.h /home/saman/Tahoe/toolbox/src-mirror/graph/PartitionT.h
ln -sf /home/saman/Tahoe/toolbox/src/graph/MSRBuilderT.cpp /home/saman/Tahoe/toolbox/src-mirror/graph/MSRBuilderT.cpp
ln -sf /home/saman/Tahoe/toolbox/src/graph/RootedLevelT.h /home/saman/Tahoe/toolbox/src-mirror/graph/RootedLevelT.h
ln -sf /home/saman/Tahoe/toolbox/src/graph/ReLabellerT.h /home/saman/Tahoe/toolbox/src-mirror/graph/ReLabellerT.h
ln -sf /home/saman/Tahoe/toolbox/src/graph/GraphT.cpp /home/saman/Tahoe/toolbox/src-mirror/graph/GraphT.cpp
processing directory /home/saman/Tahoe/toolbox/src/neighbors
found destination directory /home/saman/Tahoe/toolbox/src-mirror/neighbors
     source directory: /home/saman/Tahoe/toolbox/src/neighbors
destination directory: /home/saman/Tahoe/toolbox/src-mirror/neighbors
           ln command: ln -sf
found source directory /home/saman/Tahoe/toolbox/src/neighbors
found destination directory /home/saman/Tahoe/toolbox/src-mirror/neighbors
ln -sf /home/saman/Tahoe/toolbox/src/neighbors/FindNeighbor23T.cpp /home/saman/Tahoe/toolbox/src-mirror/neighbors/FindNeighbor23T.cpp
ln -sf /home/saman/Tahoe/toolbox/src/neighbors/FindNeighborT.cpp /home/saman/Tahoe/toolbox/src-mirror/neighbors/FindNeighborT.cpp
ln -sf /home/saman/Tahoe/toolbox/src/neighbors/FindNeighborT.h /home/saman/Tahoe/toolbox/src-mirror/neighbors/FindNeighborT.h
ln -sf /home/saman/Tahoe/toolbox/src/neighbors/FindNeighbor23T.h /home/saman/Tahoe/toolbox/src-mirror/neighbors/FindNeighbor23T.h
ln -sf /home/saman/Tahoe/toolbox/src/neighbors/makefile /home/saman/Tahoe/toolbox/src-mirror/neighbors/makefile
ln -sf /home/saman/Tahoe/toolbox/src/neighbors/EdgeFinderT.h /home/saman/Tahoe/toolbox/src-mirror/neighbors/EdgeFinderT.h
ln -sf /home/saman/Tahoe/toolbox/src/neighbors/EdgeFinderT.cpp /home/saman/Tahoe/toolbox/src-mirror/neighbors/EdgeFinderT.cpp
processing directory /home/saman/Tahoe/toolbox/src/abc
found destination directory /home/saman/Tahoe/toolbox/src-mirror/abc
     source directory: /home/saman/Tahoe/toolbox/src/abc
destination directory: /home/saman/Tahoe/toolbox/src-mirror/abc
           ln command: ln -sf
found source directory /home/saman/Tahoe/toolbox/src/abc
found destination directory /home/saman/Tahoe/toolbox/src-mirror/abc
processing directory /home/saman/Tahoe/toolbox/src/abc/other
found destination directory /home/saman/Tahoe/toolbox/src-mirror/abc/other
     source directory: /home/saman/Tahoe/toolbox/src/abc/other
destination directory: /home/saman/Tahoe/toolbox/src-mirror/abc/other
           ln command: ln -sf
found source directory /home/saman/Tahoe/toolbox/src/abc/other
found destination directory /home/saman/Tahoe/toolbox/src-mirror/abc/other
ln -sf /home/saman/Tahoe/toolbox/src/abc/other/LocalArrayT.cpp /home/saman/Tahoe/toolbox/src-mirror/abc/other/LocalArrayT.cpp
ln -sf /home/saman/Tahoe/toolbox/src/abc/other/RowAutoFill2DT.h /home/saman/Tahoe/toolbox/src-mirror/abc/other/RowAutoFill2DT.h
ln -sf /home/saman/Tahoe/toolbox/src/abc/other/pMatrixT.h /home/saman/Tahoe/toolbox/src-mirror/abc/other/pMatrixT.h
ln -sf /home/saman/Tahoe/toolbox/src/abc/other/StringT.h /home/saman/Tahoe/toolbox/src-mirror/abc/other/StringT.h
ln -sf /home/saman/Tahoe/toolbox/src/abc/other/RandomNumberT.h /home/saman/Tahoe/toolbox/src-mirror/abc/other/RandomNumberT.h
ln -sf /home/saman/Tahoe/toolbox/src/abc/other/AutoFill2DT.h /home/saman/Tahoe/toolbox/src-mirror/abc/other/AutoFill2DT.h
ln -sf /home/saman/Tahoe/toolbox/src/abc/other/makefile /home/saman/Tahoe/toolbox/src-mirror/abc/other/makefile
ln -sf /home/saman/Tahoe/toolbox/src/abc/other/Vector3T.h /home/saman/Tahoe/toolbox/src-mirror/abc/other/Vector3T.h
ln -sf /home/saman/Tahoe/toolbox/src/abc/other/pArrayT.h /home/saman/Tahoe/toolbox/src-mirror/abc/other/pArrayT.h
ln -sf /home/saman/Tahoe/toolbox/src/abc/other/LocalArrayT.h /home/saman/Tahoe/toolbox/src-mirror/abc/other/LocalArrayT.h
ln -sf /home/saman/Tahoe/toolbox/src/abc/other/RandomNumberT.cpp /home/saman/Tahoe/toolbox/src-mirror/abc/other/RandomNumberT.cpp
ln -sf /home/saman/Tahoe/toolbox/src/abc/other/Vector2T.h /home/saman/Tahoe/toolbox/src-mirror/abc/other/Vector2T.h
ln -sf /home/saman/Tahoe/toolbox/src/abc/other/StringT.cpp /home/saman/Tahoe/toolbox/src-mirror/abc/other/StringT.cpp
ln -sf /home/saman/Tahoe/toolbox/src/abc/other/nAutoFill2DT.h /home/saman/Tahoe/toolbox/src-mirror/abc/other/nAutoFill2DT.h
ln -sf /home/saman/Tahoe/toolbox/src/abc/other/dRangeArrayT.cpp /home/saman/Tahoe/toolbox/src-mirror/abc/other/dRangeArrayT.cpp
ln -sf /home/saman/Tahoe/toolbox/src/abc/other/dRangeArrayT.h /home/saman/Tahoe/toolbox/src-mirror/abc/other/dRangeArrayT.h
processing directory /home/saman/Tahoe/toolbox/src/abc/wrappers
found destination directory /home/saman/Tahoe/toolbox/src-mirror/abc/wrappers
     source directory: /home/saman/Tahoe/toolbox/src/abc/wrappers
destination directory: /home/saman/Tahoe/toolbox/src-mirror/abc/wrappers
           ln command: ln -sf
found source directory /home/saman/Tahoe/toolbox/src/abc/wrappers
found destination directory /home/saman/Tahoe/toolbox/src-mirror/abc/wrappers
ln -sf /home/saman/Tahoe/toolbox/src/abc/wrappers/VariArrayT.h /home/saman/Tahoe/toolbox/src-mirror/abc/wrappers/VariArrayT.h
ln -sf /home/saman/Tahoe/toolbox/src/abc/wrappers/VariBaseT.h /home/saman/Tahoe/toolbox/src-mirror/abc/wrappers/VariBaseT.h
ln -sf /home/saman/Tahoe/toolbox/src/abc/wrappers/VariLocalArrayT.h /home/saman/Tahoe/toolbox/src-mirror/abc/wrappers/VariLocalArrayT.h
ln -sf /home/saman/Tahoe/toolbox/src/abc/wrappers/makefile /home/saman/Tahoe/toolbox/src-mirror/abc/wrappers/makefile
ln -sf /home/saman/Tahoe/toolbox/src/abc/wrappers/nVariArray2DT.h /home/saman/Tahoe/toolbox/src-mirror/abc/wrappers/nVariArray2DT.h
ln -sf /home/saman/Tahoe/toolbox/src/abc/wrappers/VariLocalArrayT.cpp /home/saman/Tahoe/toolbox/src-mirror/abc/wrappers/VariLocalArrayT.cpp
ln -sf /home/saman/Tahoe/toolbox/src/abc/wrappers/nVariMatrixT.h /home/saman/Tahoe/toolbox/src-mirror/abc/wrappers/nVariMatrixT.h
processing directory /home/saman/Tahoe/toolbox/src/abc/array
found destination directory /home/saman/Tahoe/toolbox/src-mirror/abc/array
     source directory: /home/saman/Tahoe/toolbox/src/abc/array
destination directory: /home/saman/Tahoe/toolbox/src-mirror/abc/array
           ln command: ln -sf
found source directory /home/saman/Tahoe/toolbox/src/abc/array
found destination directory /home/saman/Tahoe/toolbox/src-mirror/abc/array
ln -sf /home/saman/Tahoe/toolbox/src/abc/array/ArraySettings.cpp /home/saman/Tahoe/toolbox/src-mirror/abc/array/ArraySettings.cpp
ln -sf /home/saman/Tahoe/toolbox/src/abc/array/dArray2DT.cpp /home/saman/Tahoe/toolbox/src-mirror/abc/array/dArray2DT.cpp
ln -sf /home/saman/Tahoe/toolbox/src/abc/array/RaggedArray2DT.h /home/saman/Tahoe/toolbox/src-mirror/abc/array/RaggedArray2DT.h
ln -sf /home/saman/Tahoe/toolbox/src/abc/array/dArray2DT.h /home/saman/Tahoe/toolbox/src-mirror/abc/array/dArray2DT.h
ln -sf /home/saman/Tahoe/toolbox/src/abc/array/iAutoArrayT.cpp /home/saman/Tahoe/toolbox/src-mirror/abc/array/iAutoArrayT.cpp
ln -sf /home/saman/Tahoe/toolbox/src/abc/array/nArray2DT.h /home/saman/Tahoe/toolbox/src-mirror/abc/array/nArray2DT.h
ln -sf /home/saman/Tahoe/toolbox/src/abc/array/dArrayT.cpp /home/saman/Tahoe/toolbox/src-mirror/abc/array/dArrayT.cpp
ln -sf /home/saman/Tahoe/toolbox/src/abc/array/sArrayT.cpp /home/saman/Tahoe/toolbox/src-mirror/abc/array/sArrayT.cpp
ln -sf /home/saman/Tahoe/toolbox/src/abc/array/iArrayT.h /home/saman/Tahoe/toolbox/src-mirror/abc/array/iArrayT.h
ln -sf /home/saman/Tahoe/toolbox/src/abc/array/iArray2DT.h /home/saman/Tahoe/toolbox/src-mirror/abc/array/iArray2DT.h
ln -sf /home/saman/Tahoe/toolbox/src/abc/array/AutoArrayT.h /home/saman/Tahoe/toolbox/src-mirror/abc/array/AutoArrayT.h
ln -sf /home/saman/Tahoe/toolbox/src/abc/array/makefile /home/saman/Tahoe/toolbox/src-mirror/abc/array/makefile
ln -sf /home/saman/Tahoe/toolbox/src/abc/array/dArrayT.h /home/saman/Tahoe/toolbox/src-mirror/abc/array/dArrayT.h
ln -sf /home/saman/Tahoe/toolbox/src/abc/array/Array2DT.h /home/saman/Tahoe/toolbox/src-mirror/abc/array/Array2DT.h
ln -sf /home/saman/Tahoe/toolbox/src/abc/array/VariRaggedArray2DT.h /home/saman/Tahoe/toolbox/src-mirror/abc/array/VariRaggedArray2DT.h
ln -sf /home/saman/Tahoe/toolbox/src/abc/array/iAutoArrayT.h /home/saman/Tahoe/toolbox/src-mirror/abc/array/iAutoArrayT.h
ln -sf /home/saman/Tahoe/toolbox/src/abc/array/sArrayT.h /home/saman/Tahoe/toolbox/src-mirror/abc/array/sArrayT.h
ln -sf /home/saman/Tahoe/toolbox/src/abc/array/nArrayT.h /home/saman/Tahoe/toolbox/src-mirror/abc/array/nArrayT.h
ln -sf /home/saman/Tahoe/toolbox/src/abc/array/iArray2DT.cpp /home/saman/Tahoe/toolbox/src-mirror/abc/array/iArray2DT.cpp
ln -sf /home/saman/Tahoe/toolbox/src/abc/array/iArrayT.cpp /home/saman/Tahoe/toolbox/src-mirror/abc/array/iArrayT.cpp
ln -sf /home/saman/Tahoe/toolbox/src/abc/array/ArrayT.h /home/saman/Tahoe/toolbox/src-mirror/abc/array/ArrayT.h
ln -sf /home/saman/Tahoe/toolbox/src/abc/makefile /home/saman/Tahoe/toolbox/src-mirror/abc/makefile
processing directory /home/saman/Tahoe/toolbox/src/abc/tensor
found destination directory /home/saman/Tahoe/toolbox/src-mirror/abc/tensor
     source directory: /home/saman/Tahoe/toolbox/src/abc/tensor
destination directory: /home/saman/Tahoe/toolbox/src-mirror/abc/tensor
           ln command: ln -sf
found source directory /home/saman/Tahoe/toolbox/src/abc/tensor
found destination directory /home/saman/Tahoe/toolbox/src-mirror/abc/tensor
ln -sf /home/saman/Tahoe/toolbox/src/abc/tensor/dTensor4DT.h /home/saman/Tahoe/toolbox/src-mirror/abc/tensor/dTensor4DT.h
ln -sf /home/saman/Tahoe/toolbox/src/abc/tensor/dTensor4DT.cpp /home/saman/Tahoe/toolbox/src-mirror/abc/tensor/dTensor4DT.cpp
ln -sf /home/saman/Tahoe/toolbox/src/abc/tensor/dTensor3DT.cpp /home/saman/Tahoe/toolbox/src-mirror/abc/tensor/dTensor3DT.cpp
ln -sf /home/saman/Tahoe/toolbox/src/abc/tensor/dTensor3DT.h /home/saman/Tahoe/toolbox/src-mirror/abc/tensor/dTensor3DT.h
ln -sf /home/saman/Tahoe/toolbox/src/abc/tensor/Tensor4DT.h /home/saman/Tahoe/toolbox/src-mirror/abc/tensor/Tensor4DT.h
ln -sf /home/saman/Tahoe/toolbox/src/abc/tensor/makefile /home/saman/Tahoe/toolbox/src-mirror/abc/tensor/makefile
ln -sf /home/saman/Tahoe/toolbox/src/abc/tensor/Tensor3DT.h /home/saman/Tahoe/toolbox/src-mirror/abc/tensor/Tensor3DT.h
ln -sf /home/saman/Tahoe/toolbox/src/abc/tensor/TensorT.h /home/saman/Tahoe/toolbox/src-mirror/abc/tensor/TensorT.h
processing directory /home/saman/Tahoe/toolbox/src/abc/complex
found destination directory /home/saman/Tahoe/toolbox/src-mirror/abc/complex
     source directory: /home/saman/Tahoe/toolbox/src/abc/complex
destination directory: /home/saman/Tahoe/toolbox/src-mirror/abc/complex
           ln command: ln -sf
found source directory /home/saman/Tahoe/toolbox/src/abc/complex
found destination directory /home/saman/Tahoe/toolbox/src-mirror/abc/complex
ln -sf /home/saman/Tahoe/toolbox/src/abc/complex/zMatrixT.h /home/saman/Tahoe/toolbox/src-mirror/abc/complex/zMatrixT.h
ln -sf /home/saman/Tahoe/toolbox/src/abc/complex/ComplexT.cpp /home/saman/Tahoe/toolbox/src-mirror/abc/complex/ComplexT.cpp
ln -sf /home/saman/Tahoe/toolbox/src/abc/complex/ComplexT.h /home/saman/Tahoe/toolbox/src-mirror/abc/complex/ComplexT.h
ln -sf /home/saman/Tahoe/toolbox/src/abc/complex/zMatrixT.cpp /home/saman/Tahoe/toolbox/src-mirror/abc/complex/zMatrixT.cpp
ln -sf /home/saman/Tahoe/toolbox/src/abc/complex/makefile /home/saman/Tahoe/toolbox/src-mirror/abc/complex/makefile
ln -sf /home/saman/Tahoe/toolbox/src/abc/complex/zTensor3DT.h /home/saman/Tahoe/toolbox/src-mirror/abc/complex/zTensor3DT.h
ln -sf /home/saman/Tahoe/toolbox/src/abc/complex/zArrayT.h /home/saman/Tahoe/toolbox/src-mirror/abc/complex/zArrayT.h
ln -sf /home/saman/Tahoe/toolbox/src/abc/complex/zTensor3DT.cpp /home/saman/Tahoe/toolbox/src-mirror/abc/complex/zTensor3DT.cpp
ln -sf /home/saman/Tahoe/toolbox/src/abc/complex/zArrayT.cpp /home/saman/Tahoe/toolbox/src-mirror/abc/complex/zArrayT.cpp
processing directory /home/saman/Tahoe/toolbox/src/abc/matrix
found destination directory /home/saman/Tahoe/toolbox/src-mirror/abc/matrix
     source directory: /home/saman/Tahoe/toolbox/src/abc/matrix
destination directory: /home/saman/Tahoe/toolbox/src-mirror/abc/matrix
           ln command: ln -sf
found source directory /home/saman/Tahoe/toolbox/src/abc/matrix
found destination directory /home/saman/Tahoe/toolbox/src-mirror/abc/matrix
ln -sf /home/saman/Tahoe/toolbox/src/abc/matrix/dSPMatrixT.cpp /home/saman/Tahoe/toolbox/src-mirror/abc/matrix/dSPMatrixT.cpp
ln -sf /home/saman/Tahoe/toolbox/src/abc/matrix/BandedLAdMatrixT.cpp /home/saman/Tahoe/toolbox/src-mirror/abc/matrix/BandedLAdMatrixT.cpp
ln -sf /home/saman/Tahoe/toolbox/src/abc/matrix/nMatrixT.h /home/saman/Tahoe/toolbox/src-mirror/abc/matrix/nMatrixT.h
ln -sf /home/saman/Tahoe/toolbox/src/abc/matrix/dSPMatrixT.h /home/saman/Tahoe/toolbox/src-mirror/abc/matrix/dSPMatrixT.h
ln -sf /home/saman/Tahoe/toolbox/src/abc/matrix/dMatrixT.cpp /home/saman/Tahoe/toolbox/src-mirror/abc/matrix/dMatrixT.cpp
ln -sf /home/saman/Tahoe/toolbox/src/abc/matrix/dMatrixEXT.cpp /home/saman/Tahoe/toolbox/src-mirror/abc/matrix/dMatrixEXT.cpp
ln -sf /home/saman/Tahoe/toolbox/src/abc/matrix/LAdMatrixT.cpp /home/saman/Tahoe/toolbox/src-mirror/abc/matrix/LAdMatrixT.cpp
ln -sf /home/saman/Tahoe/toolbox/src/abc/matrix/LAdMatrixT.h /home/saman/Tahoe/toolbox/src-mirror/abc/matrix/LAdMatrixT.h
ln -sf /home/saman/Tahoe/toolbox/src/abc/matrix/BandedLAdMatrixT.h /home/saman/Tahoe/toolbox/src-mirror/abc/matrix/BandedLAdMatrixT.h
ln -sf /home/saman/Tahoe/toolbox/src/abc/matrix/TriDiagdMatrixT.h /home/saman/Tahoe/toolbox/src-mirror/abc/matrix/TriDiagdMatrixT.h
ln -sf /home/saman/Tahoe/toolbox/src/abc/matrix/TriDiagdMatrixT.cpp /home/saman/Tahoe/toolbox/src-mirror/abc/matrix/TriDiagdMatrixT.cpp
ln -sf /home/saman/Tahoe/toolbox/src/abc/matrix/dSymMatrixT.cpp /home/saman/Tahoe/toolbox/src-mirror/abc/matrix/dSymMatrixT.cpp
ln -sf /home/saman/Tahoe/toolbox/src/abc/matrix/makefile /home/saman/Tahoe/toolbox/src-mirror/abc/matrix/makefile
ln -sf /home/saman/Tahoe/toolbox/src/abc/matrix/dMatrixEXT.h /home/saman/Tahoe/toolbox/src-mirror/abc/matrix/dMatrixEXT.h
ln -sf /home/saman/Tahoe/toolbox/src/abc/matrix/dSymMatrixT.h /home/saman/Tahoe/toolbox/src-mirror/abc/matrix/dSymMatrixT.h
ln -sf /home/saman/Tahoe/toolbox/src/abc/matrix/dMatrixT.h /home/saman/Tahoe/toolbox/src-mirror/abc/matrix/dMatrixT.h
processing directory /home/saman/Tahoe/toolbox/src/abc/managers
found destination directory /home/saman/Tahoe/toolbox/src-mirror/abc/managers
     source directory: /home/saman/Tahoe/toolbox/src/abc/managers
destination directory: /home/saman/Tahoe/toolbox/src-mirror/abc/managers
           ln command: ln -sf
found source directory /home/saman/Tahoe/toolbox/src/abc/managers
found destination directory /home/saman/Tahoe/toolbox/src-mirror/abc/managers
ln -sf /home/saman/Tahoe/toolbox/src/abc/managers/LocalArrayGroupT.cpp /home/saman/Tahoe/toolbox/src-mirror/abc/managers/LocalArrayGroupT.cpp
ln -sf /home/saman/Tahoe/toolbox/src/abc/managers/nArrayGroupT.h /home/saman/Tahoe/toolbox/src-mirror/abc/managers/nArrayGroupT.h
ln -sf /home/saman/Tahoe/toolbox/src/abc/managers/makefile /home/saman/Tahoe/toolbox/src-mirror/abc/managers/makefile
ln -sf /home/saman/Tahoe/toolbox/src/abc/managers/nArray2DGroupT.h /home/saman/Tahoe/toolbox/src-mirror/abc/managers/nArray2DGroupT.h
ln -sf /home/saman/Tahoe/toolbox/src/abc/managers/LocalArrayGroupT.h /home/saman/Tahoe/toolbox/src-mirror/abc/managers/LocalArrayGroupT.h
ln -sf /home/saman/Tahoe/toolbox/src/abc/managers/MemoryGroupT.h /home/saman/Tahoe/toolbox/src-mirror/abc/managers/MemoryGroupT.h
ln -sf /home/saman/Tahoe/toolbox/src/abc/managers/nMatrixGroupT.h /home/saman/Tahoe/toolbox/src-mirror/abc/managers/nMatrixGroupT.h
processing directory /home/saman/Tahoe/toolbox/src/front
found destination directory /home/saman/Tahoe/toolbox/src-mirror/front
     source directory: /home/saman/Tahoe/toolbox/src/front
destination directory: /home/saman/Tahoe/toolbox/src-mirror/front
           ln command: ln -sf
found source directory /home/saman/Tahoe/toolbox/src/front
found destination directory /home/saman/Tahoe/toolbox/src-mirror/front
ln -sf /home/saman/Tahoe/toolbox/src/front/Front3DT.h /home/saman/Tahoe/toolbox/src-mirror/front/Front3DT.h
ln -sf /home/saman/Tahoe/toolbox/src/front/Front2DT.h /home/saman/Tahoe/toolbox/src-mirror/front/Front2DT.h
ln -sf /home/saman/Tahoe/toolbox/src/front/FrontNodeT.h /home/saman/Tahoe/toolbox/src-mirror/front/FrontNodeT.h
ln -sf /home/saman/Tahoe/toolbox/src/front/Front3DT.cpp /home/saman/Tahoe/toolbox/src-mirror/front/Front3DT.cpp
ln -sf /home/saman/Tahoe/toolbox/src/front/FrontSegmentT.cpp /home/saman/Tahoe/toolbox/src-mirror/front/FrontSegmentT.cpp
ln -sf /home/saman/Tahoe/toolbox/src/front/Front2DT.cpp /home/saman/Tahoe/toolbox/src-mirror/front/Front2DT.cpp
ln -sf /home/saman/Tahoe/toolbox/src/front/makefile /home/saman/Tahoe/toolbox/src-mirror/front/makefile
ln -sf /home/saman/Tahoe/toolbox/src/front/FrontT.h /home/saman/Tahoe/toolbox/src-mirror/front/FrontT.h
ln -sf /home/saman/Tahoe/toolbox/src/front/FrontSegmentT.h /home/saman/Tahoe/toolbox/src-mirror/front/FrontSegmentT.h
ln -sf /home/saman/Tahoe/toolbox/src/front/FrontT.cpp /home/saman/Tahoe/toolbox/src-mirror/front/FrontT.cpp
ln -sf /home/saman/Tahoe/toolbox/src/front/FrontNodeT.cpp /home/saman/Tahoe/toolbox/src-mirror/front/FrontNodeT.cpp
processing directory /home/saman/Tahoe/toolbox/src/dataio
found destination directory /home/saman/Tahoe/toolbox/src-mirror/dataio
     source directory: /home/saman/Tahoe/toolbox/src/dataio
destination directory: /home/saman/Tahoe/toolbox/src-mirror/dataio
           ln command: ln -sf
found source directory /home/saman/Tahoe/toolbox/src/dataio
found destination directory /home/saman/Tahoe/toolbox/src-mirror/dataio
ln -sf /home/saman/Tahoe/toolbox/src/dataio/JoinOutputT.h /home/saman/Tahoe/toolbox/src-mirror/dataio/JoinOutputT.h
processing directory /home/saman/Tahoe/toolbox/src/dataio/output
found destination directory /home/saman/Tahoe/toolbox/src-mirror/dataio/output
     source directory: /home/saman/Tahoe/toolbox/src/dataio/output
destination directory: /home/saman/Tahoe/toolbox/src-mirror/dataio/output
           ln command: ln -sf
found source directory /home/saman/Tahoe/toolbox/src/dataio/output
found destination directory /home/saman/Tahoe/toolbox/src-mirror/dataio/output
ln -sf /home/saman/Tahoe/toolbox/src/dataio/output/PatranOutputT.h /home/saman/Tahoe/toolbox/src-mirror/dataio/output/PatranOutputT.h
ln -sf /home/saman/Tahoe/toolbox/src/dataio/output/TextOutputT.h /home/saman/Tahoe/toolbox/src-mirror/dataio/output/TextOutputT.h
ln -sf /home/saman/Tahoe/toolbox/src/dataio/output/OutputBaseT.cpp /home/saman/Tahoe/toolbox/src-mirror/dataio/output/OutputBaseT.cpp
ln -sf /home/saman/Tahoe/toolbox/src/dataio/output/OutputSetT.h /home/saman/Tahoe/toolbox/src-mirror/dataio/output/OutputSetT.h
ln -sf /home/saman/Tahoe/toolbox/src/dataio/output/AVSOutputT.h /home/saman/Tahoe/toolbox/src-mirror/dataio/output/AVSOutputT.h
ln -sf /home/saman/Tahoe/toolbox/src/dataio/output/PatranOutputT.cpp /home/saman/Tahoe/toolbox/src-mirror/dataio/output/PatranOutputT.cpp
ln -sf /home/saman/Tahoe/toolbox/src/dataio/output/AbaqusOutputT.cpp /home/saman/Tahoe/toolbox/src-mirror/dataio/output/AbaqusOutputT.cpp
ln -sf /home/saman/Tahoe/toolbox/src/dataio/output/TextOutputT.cpp /home/saman/Tahoe/toolbox/src-mirror/dataio/output/TextOutputT.cpp
ln -sf /home/saman/Tahoe/toolbox/src/dataio/output/AVSOutputT.cpp /home/saman/Tahoe/toolbox/src-mirror/dataio/output/AVSOutputT.cpp
ln -sf /home/saman/Tahoe/toolbox/src/dataio/output/ParaDynOutputT.cpp /home/saman/Tahoe/toolbox/src-mirror/dataio/output/ParaDynOutputT.cpp
ln -sf /home/saman/Tahoe/toolbox/src/dataio/output/AbaqusOutputT.h /home/saman/Tahoe/toolbox/src-mirror/dataio/output/AbaqusOutputT.h
ln -sf /home/saman/Tahoe/toolbox/src/dataio/output/TecPlotOutputT.cpp /home/saman/Tahoe/toolbox/src-mirror/dataio/output/TecPlotOutputT.cpp
ln -sf /home/saman/Tahoe/toolbox/src/dataio/output/makefile /home/saman/Tahoe/toolbox/src-mirror/dataio/output/makefile
ln -sf /home/saman/Tahoe/toolbox/src/dataio/output/ExodusOutputT.h /home/saman/Tahoe/toolbox/src-mirror/dataio/output/ExodusOutputT.h
ln -sf /home/saman/Tahoe/toolbox/src/dataio/output/ExodusOutputT.cpp /home/saman/Tahoe/toolbox/src-mirror/dataio/output/ExodusOutputT.cpp
ln -sf /home/saman/Tahoe/toolbox/src/dataio/output/OutputSetT.cpp /home/saman/Tahoe/toolbox/src-mirror/dataio/output/OutputSetT.cpp
ln -sf /home/saman/Tahoe/toolbox/src/dataio/output/TecPlotOutputT.h /home/saman/Tahoe/toolbox/src-mirror/dataio/output/TecPlotOutputT.h
ln -sf /home/saman/Tahoe/toolbox/src/dataio/output/OutputBaseT.h /home/saman/Tahoe/toolbox/src-mirror/dataio/output/OutputBaseT.h
ln -sf /home/saman/Tahoe/toolbox/src/dataio/output/ParaDynOutputT.h /home/saman/Tahoe/toolbox/src-mirror/dataio/output/ParaDynOutputT.h
ln -sf /home/saman/Tahoe/toolbox/src/dataio/output/EnSightOutputT.cpp /home/saman/Tahoe/toolbox/src-mirror/dataio/output/EnSightOutputT.cpp
ln -sf /home/saman/Tahoe/toolbox/src/dataio/output/EnSightOutputT.h /home/saman/Tahoe/toolbox/src-mirror/dataio/output/EnSightOutputT.h
ln -sf /home/saman/Tahoe/toolbox/src/dataio/makefile /home/saman/Tahoe/toolbox/src-mirror/dataio/makefile
ln -sf /home/saman/Tahoe/toolbox/src/dataio/ModelManagerT.cpp /home/saman/Tahoe/toolbox/src-mirror/dataio/ModelManagerT.cpp
ln -sf /home/saman/Tahoe/toolbox/src/dataio/IOBaseT.cpp /home/saman/Tahoe/toolbox/src-mirror/dataio/IOBaseT.cpp
ln -sf /home/saman/Tahoe/toolbox/src/dataio/IOBaseT.h /home/saman/Tahoe/toolbox/src-mirror/dataio/IOBaseT.h
ln -sf /home/saman/Tahoe/toolbox/src/dataio/ModelManagerT.h /home/saman/Tahoe/toolbox/src-mirror/dataio/ModelManagerT.h
processing directory /home/saman/Tahoe/toolbox/src/dataio/database
found destination directory /home/saman/Tahoe/toolbox/src-mirror/dataio/database
     source directory: /home/saman/Tahoe/toolbox/src/dataio/database
destination directory: /home/saman/Tahoe/toolbox/src-mirror/dataio/database
           ln command: ln -sf
found source directory /home/saman/Tahoe/toolbox/src/dataio/database
found destination directory /home/saman/Tahoe/toolbox/src-mirror/dataio/database
ln -sf /home/saman/Tahoe/toolbox/src/dataio/database/TecPlotT.h /home/saman/Tahoe/toolbox/src-mirror/dataio/database/TecPlotT.h
ln -sf /home/saman/Tahoe/toolbox/src/dataio/database/ExodusT.h /home/saman/Tahoe/toolbox/src-mirror/dataio/database/ExodusT.h
ln -sf /home/saman/Tahoe/toolbox/src/dataio/database/EnSightT.cpp /home/saman/Tahoe/toolbox/src-mirror/dataio/database/EnSightT.cpp
ln -sf /home/saman/Tahoe/toolbox/src/dataio/database/ParaDynT.h /home/saman/Tahoe/toolbox/src-mirror/dataio/database/ParaDynT.h
ln -sf /home/saman/Tahoe/toolbox/src/dataio/database/ExodusT.cpp /home/saman/Tahoe/toolbox/src-mirror/dataio/database/ExodusT.cpp
ln -sf /home/saman/Tahoe/toolbox/src/dataio/database/AVST.cpp /home/saman/Tahoe/toolbox/src-mirror/dataio/database/AVST.cpp
ln -sf /home/saman/Tahoe/toolbox/src/dataio/database/PatranT.cpp /home/saman/Tahoe/toolbox/src-mirror/dataio/database/PatranT.cpp
ln -sf /home/saman/Tahoe/toolbox/src/dataio/database/AbaqusVariablesT.h /home/saman/Tahoe/toolbox/src-mirror/dataio/database/AbaqusVariablesT.h
ln -sf /home/saman/Tahoe/toolbox/src/dataio/database/AbaqusResultsT.cpp /home/saman/Tahoe/toolbox/src-mirror/dataio/database/AbaqusResultsT.cpp
ln -sf /home/saman/Tahoe/toolbox/src/dataio/database/TecPlotT.cpp /home/saman/Tahoe/toolbox/src-mirror/dataio/database/TecPlotT.cpp
ln -sf /home/saman/Tahoe/toolbox/src/dataio/database/PatranT.h /home/saman/Tahoe/toolbox/src-mirror/dataio/database/PatranT.h
ln -sf /home/saman/Tahoe/toolbox/src/dataio/database/EnSightT.h /home/saman/Tahoe/toolbox/src-mirror/dataio/database/EnSightT.h
ln -sf /home/saman/Tahoe/toolbox/src/dataio/database/ModelFileT.h /home/saman/Tahoe/toolbox/src-mirror/dataio/database/ModelFileT.h
ln -sf /home/saman/Tahoe/toolbox/src/dataio/database/AbaqusINPT.cpp /home/saman/Tahoe/toolbox/src-mirror/dataio/database/AbaqusINPT.cpp
ln -sf /home/saman/Tahoe/toolbox/src/dataio/database/makefile /home/saman/Tahoe/toolbox/src-mirror/dataio/database/makefile
ln -sf /home/saman/Tahoe/toolbox/src/dataio/database/AbaqusINPT.h /home/saman/Tahoe/toolbox/src-mirror/dataio/database/AbaqusINPT.h
ln -sf /home/saman/Tahoe/toolbox/src/dataio/database/AVST.h /home/saman/Tahoe/toolbox/src-mirror/dataio/database/AVST.h
ln -sf /home/saman/Tahoe/toolbox/src/dataio/database/ParaDynT.cpp /home/saman/Tahoe/toolbox/src-mirror/dataio/database/ParaDynT.cpp
ln -sf /home/saman/Tahoe/toolbox/src/dataio/database/ModelFileT.cpp /home/saman/Tahoe/toolbox/src-mirror/dataio/database/ModelFileT.cpp
ln -sf /home/saman/Tahoe/toolbox/src/dataio/database/AbaqusResultsT.h /home/saman/Tahoe/toolbox/src-mirror/dataio/database/AbaqusResultsT.h
processing directory /home/saman/Tahoe/toolbox/src/dataio/input
found destination directory /home/saman/Tahoe/toolbox/src-mirror/dataio/input
     source directory: /home/saman/Tahoe/toolbox/src/dataio/input
destination directory: /home/saman/Tahoe/toolbox/src-mirror/dataio/input
           ln command: ln -sf
found source directory /home/saman/Tahoe/toolbox/src/dataio/input
found destination directory /home/saman/Tahoe/toolbox/src-mirror/dataio/input
ln -sf /home/saman/Tahoe/toolbox/src/dataio/input/AbaqusINPInputT.h /home/saman/Tahoe/toolbox/src-mirror/dataio/input/AbaqusINPInputT.h
ln -sf /home/saman/Tahoe/toolbox/src/dataio/input/ExodusInputT.cpp /home/saman/Tahoe/toolbox/src-mirror/dataio/input/ExodusInputT.cpp
ln -sf /home/saman/Tahoe/toolbox/src/dataio/input/TahoeInputT.h /home/saman/Tahoe/toolbox/src-mirror/dataio/input/TahoeInputT.h
ln -sf /home/saman/Tahoe/toolbox/src/dataio/input/ExodusInputT.h /home/saman/Tahoe/toolbox/src-mirror/dataio/input/ExodusInputT.h
ln -sf /home/saman/Tahoe/toolbox/src/dataio/input/TextInputT.cpp /home/saman/Tahoe/toolbox/src-mirror/dataio/input/TextInputT.cpp
ln -sf /home/saman/Tahoe/toolbox/src/dataio/input/AbaqusInputT.cpp /home/saman/Tahoe/toolbox/src-mirror/dataio/input/AbaqusInputT.cpp
ln -sf /home/saman/Tahoe/toolbox/src/dataio/input/AbaqusInputT.h /home/saman/Tahoe/toolbox/src-mirror/dataio/input/AbaqusInputT.h
ln -sf /home/saman/Tahoe/toolbox/src/dataio/input/AbaqusINPInputT.cpp /home/saman/Tahoe/toolbox/src-mirror/dataio/input/AbaqusINPInputT.cpp
ln -sf /home/saman/Tahoe/toolbox/src/dataio/input/TahoeInputT.cpp /home/saman/Tahoe/toolbox/src-mirror/dataio/input/TahoeInputT.cpp
ln -sf /home/saman/Tahoe/toolbox/src/dataio/input/makefile /home/saman/Tahoe/toolbox/src-mirror/dataio/input/makefile
ln -sf /home/saman/Tahoe/toolbox/src/dataio/input/InputBaseT.h /home/saman/Tahoe/toolbox/src-mirror/dataio/input/InputBaseT.h
ln -sf /home/saman/Tahoe/toolbox/src/dataio/input/EnSightInputT.cpp /home/saman/Tahoe/toolbox/src-mirror/dataio/input/EnSightInputT.cpp
ln -sf /home/saman/Tahoe/toolbox/src/dataio/input/PatranInputT.h /home/saman/Tahoe/toolbox/src-mirror/dataio/input/PatranInputT.h
ln -sf /home/saman/Tahoe/toolbox/src/dataio/input/EnSightInputT.h /home/saman/Tahoe/toolbox/src-mirror/dataio/input/EnSightInputT.h
ln -sf /home/saman/Tahoe/toolbox/src/dataio/input/PatranInputT.cpp /home/saman/Tahoe/toolbox/src-mirror/dataio/input/PatranInputT.cpp
ln -sf /home/saman/Tahoe/toolbox/src/dataio/input/TextInputT.h /home/saman/Tahoe/toolbox/src-mirror/dataio/input/TextInputT.h
ln -sf /home/saman/Tahoe/toolbox/src/dataio/JoinOutputT.cpp /home/saman/Tahoe/toolbox/src-mirror/dataio/JoinOutputT.cpp
processing directory /home/saman/Tahoe/toolbox/src/FloatingPoint
found destination directory /home/saman/Tahoe/toolbox/src-mirror/FloatingPoint
     source directory: /home/saman/Tahoe/toolbox/src/FloatingPoint
destination directory: /home/saman/Tahoe/toolbox/src-mirror/FloatingPoint
           ln command: ln -sf
found source directory /home/saman/Tahoe/toolbox/src/FloatingPoint
found destination directory /home/saman/Tahoe/toolbox/src-mirror/FloatingPoint
ln -sf /home/saman/Tahoe/toolbox/src/FloatingPoint/FloatingPointT.cpp /home/saman/Tahoe/toolbox/src-mirror/FloatingPoint/FloatingPointT.cpp
ln -sf /home/saman/Tahoe/toolbox/src/FloatingPoint/makefile /home/saman/Tahoe/toolbox/src-mirror/FloatingPoint/makefile
ln -sf /home/saman/Tahoe/toolbox/src/FloatingPoint/FloatingPointT.h /home/saman/Tahoe/toolbox/src-mirror/FloatingPoint/FloatingPointT.h
processing directory /home/saman/Tahoe/toolbox/src/parallel
found destination directory /home/saman/Tahoe/toolbox/src-mirror/parallel
     source directory: /home/saman/Tahoe/toolbox/src/parallel
destination directory: /home/saman/Tahoe/toolbox/src-mirror/parallel
           ln command: ln -sf
found source directory /home/saman/Tahoe/toolbox/src/parallel
found destination directory /home/saman/Tahoe/toolbox/src-mirror/parallel
ln -sf /home/saman/Tahoe/toolbox/src/parallel/PointToPointT.cpp /home/saman/Tahoe/toolbox/src-mirror/parallel/PointToPointT.cpp
ln -sf /home/saman/Tahoe/toolbox/src/parallel/AllGatherT.h /home/saman/Tahoe/toolbox/src-mirror/parallel/AllGatherT.h
ln -sf /home/saman/Tahoe/toolbox/src/parallel/MessageT.cpp /home/saman/Tahoe/toolbox/src-mirror/parallel/MessageT.cpp
ln -sf /home/saman/Tahoe/toolbox/src/parallel/AllGatherT.cpp /home/saman/Tahoe/toolbox/src-mirror/parallel/AllGatherT.cpp
ln -sf /home/saman/Tahoe/toolbox/src/parallel/CartesianShiftT.h /home/saman/Tahoe/toolbox/src-mirror/parallel/CartesianShiftT.h
ln -sf /home/saman/Tahoe/toolbox/src/parallel/MessageT.h /home/saman/Tahoe/toolbox/src-mirror/parallel/MessageT.h
ln -sf /home/saman/Tahoe/toolbox/src/parallel/makefile /home/saman/Tahoe/toolbox/src-mirror/parallel/makefile
ln -sf /home/saman/Tahoe/toolbox/src/parallel/CommunicatorT.cpp /home/saman/Tahoe/toolbox/src-mirror/parallel/CommunicatorT.cpp
ln -sf /home/saman/Tahoe/toolbox/src/parallel/CartesianShiftT.cpp /home/saman/Tahoe/toolbox/src-mirror/parallel/CartesianShiftT.cpp
ln -sf /home/saman/Tahoe/toolbox/src/parallel/CommunicatorT.h /home/saman/Tahoe/toolbox/src-mirror/parallel/CommunicatorT.h
ln -sf /home/saman/Tahoe/toolbox/src/parallel/PointToPointT.h /home/saman/Tahoe/toolbox/src-mirror/parallel/PointToPointT.h
processing directory /home/saman/Tahoe/toolbox/src/common
found destination directory /home/saman/Tahoe/toolbox/src-mirror/common
     source directory: /home/saman/Tahoe/toolbox/src/common
destination directory: /home/saman/Tahoe/toolbox/src-mirror/common
           ln command: ln -sf
found source directory /home/saman/Tahoe/toolbox/src/common
found destination directory /home/saman/Tahoe/toolbox/src-mirror/common
ln -sf /home/saman/Tahoe/toolbox/src/common/ios_fwd_decl.h /home/saman/Tahoe/toolbox/src-mirror/common/ios_fwd_decl.h
ln -sf /home/saman/Tahoe/toolbox/src/common/ExceptionT.h /home/saman/Tahoe/toolbox/src-mirror/common/ExceptionT.h
ln -sf /home/saman/Tahoe/toolbox/src/common/fortran_names.h /home/saman/Tahoe/toolbox/src-mirror/common/fortran_names.h
ln -sf /home/saman/Tahoe/toolbox/src/common/makefile /home/saman/Tahoe/toolbox/src-mirror/common/makefile
ln -sf /home/saman/Tahoe/toolbox/src/common/ExceptionT.cpp /home/saman/Tahoe/toolbox/src-mirror/common/ExceptionT.cpp
ln -sf /home/saman/Tahoe/toolbox/src/common/ExceptionCodes.h /home/saman/Tahoe/toolbox/src-mirror/common/ExceptionCodes.h
ln -sf /home/saman/Tahoe/toolbox/src/common/NewMemory.h /home/saman/Tahoe/toolbox/src-mirror/common/NewMemory.h
ln -sf /home/saman/Tahoe/toolbox/src/common/toolboxConstants.h /home/saman/Tahoe/toolbox/src-mirror/common/toolboxConstants.h
ln -sf /home/saman/Tahoe/toolbox/src/common/Environment.h /home/saman/Tahoe/toolbox/src-mirror/common/Environment.h
