reading configuration file: DevelopmentElementsConfig.conf
output file root: DevelopmentElementsConfig
output file is up to date: /home/saman/Tahoe/development/src-mirror/config/DevelopmentElementsConfig.h
stop.
reading configuration file: DevelopmentElementsConfig.conf
output file root: DevelopmentElementsConfig
found header file: /home/saman/Tahoe/development/src-mirror/config/DevelopmentElementsConfig.h
creating output file: /home/saman/Tahoe/development/src-mirror/config/DevelopmentElementsConfig.make
processing option: BEM_ELEMENT_DEV: INACTIVE
processing option: PML_ELEMENT_DEV: INACTIVE
processing option: COHESIVE_SURFACE_ELEMENT_DEV: ACTIVE
processing option: CONTACT_ELEMENT_DEV: INACTIVE
processing option: MULTISCALE_ELEMENT_DEV: INACTIVE
processing option: SOLID_ELEMENT_DEV: ACTIVE
processing option: MATERIAL_FORCE_ELEMENT_DEV: INACTIVE
processing option: GRAD_SMALL_STRAIN_DEV: INACTIVE
processing option: MULTISCALE_APS_DEV: INACTIVE
processing option: SPLIT_INTEGRATION_DEV: INACTIVE
processing option: SIMPLE_SOLID_DEV: ACTIVE
processing option: MULTISCALE_APS_V_DEV: INACTIVE
processing option: MESHFREE_GRAD_PLAST_DEV: INACTIVE
processing option: ENHANCED_STRAIN_LOC_DEV: INACTIVE
processing option: ENHANCED_STRAIN_LOC_DEV_CRAIG: INACTIVE
processing option: MIXTURE_THEORY_DEV: ACTIVE
processing option: BRIDGING_ELEMENT_DEV: INACTIVE
processing option: SURFACE_CB_DEV: INACTIVE
processing option: SURFACE_CB_EAM_DEV: INACTIVE
processing option: SURFACE_CB_SI_DEV: INACTIVE
processing option: SURFACE_CB_SI_DIMER_DEV: INACTIVE
processing option: SURFACE_CB_WURTZITE_DEV: INACTIVE
processing option: SURFACE_CB_ZB_DEV: INACTIVE
processing option: FLUID_ELEMENT_DEV: INACTIVE
processing option: FIBER_COMP_DEV: INACTIVE
processing option: SOLID_FLUID_MIX_DEV: INACTIVE
processing option: SOLID_OPTIMIZATION_DEV: INACTIVE
processing option: DEM_COUPLING_DEV: INACTIVE
processing option: PIEZOELECTRIC: INACTIVE
processing option: HUWASHIZU: INACTIVE
processing option: MICROMORPHIC_DEV: INACTIVE
processing option: MICROMORPHIC2_DEV: INACTIVE
processing option: MICROMORPHIC_CURR_CONFIG_DEV: INACTIVE
processing option: XFEM_DEV: INACTIVE
processing option: DIELECTRIC_ELASTOMER: ACTIVE
processing option: DIELECTRIC_ELASTOMER_Q1P0: ACTIVE
processing option: DIELECTRIC_ELASTOMER_Q1P0_ELASTOCAPILLARY: ACTIVE
processing option: DIELECTRIC_ELASTOMER_Q1P0_VISCO: ACTIVE
processing option: DIELECTRIC_ELASTOMER_2D: ACTIVE
processing option: DIELECTRIC_ELASTOMER_Q1P02D: ACTIVE
processing option: DIELECTRIC_ELASTOMER_VISCO: INACTIVE
processing option: DIELECTRIC_ELASTOMER_2D_VISCO: INACTIVE
processing option: DIELECTRIC_ELASTOMER_Q1P02D_MECHANICAL: ACTIVE
processing option: DIELECTRIC_ELASTOMER_Q1P02D_ELECTRICAL: ACTIVE
reading configuration file: DevelopmentMaterialsConfig.conf
output file root: DevelopmentMaterialsConfig
output file is up to date: /home/saman/Tahoe/development/src-mirror/config/DevelopmentMaterialsConfig.h
stop.
reading configuration file: DevelopmentMaterialsConfig.conf
output file root: DevelopmentMaterialsConfig
found header file: /home/saman/Tahoe/development/src-mirror/config/DevelopmentMaterialsConfig.h
creating output file: /home/saman/Tahoe/development/src-mirror/config/DevelopmentMaterialsConfig.make
processing option: FOSSUM_MATERIAL_DEV: INACTIVE
processing option: PLASTICITY_MR_MATERIAL_DEV: INACTIVE
processing option: PLASTICITY_SMR_MATERIAL_DEV: INACTIVE
processing option: GRAD_PLASTICITY_MR_MATERIAL_DEV: INACTIVE
processing option: PLASTICITY_DP_LOC_MATERIAL_DEV: INACTIVE
processing option: VISCOELASTIC_MATERIALS_DEV: ACTIVE
processing option: ABAQUS_DEV: INACTIVE
processing option: ABAQUS_BCJ_MATERIAL_DEV: INACTIVE
processing option: ABAQUS_XTAL_DEV: INACTIVE
processing option: ABAQUS_TI_DEV: INACTIVE
processing option: BIO_MODELS: ACTIVE
processing option: PIEZOELECTRIC: INACTIVE
processing option: DIELECTRIC_ELASTOMER: ACTIVE
processing option: DIELECTRIC_ELASTOMER_Q1P0: ACTIVE
processing option: DIELECTRIC_ELASTOMER_Q1P0_ELASTOCAPILLARY: ACTIVE
processing option: DIELECTRIC_ELASTOMER_Q1P0_VISCO: ACTIVE
processing option: DIELECTRIC_ELASTOMER_2D: ACTIVE
processing option: DIELECTRIC_ELASTOMER_Q1P02D: ACTIVE
processing option: DIELECTRIC_ELASTOMER_VISCO: INACTIVE
processing option: DIELECTRIC_ELASTOMER_2D_VISCO: INACTIVE
processing option: NEOHOOKEDAMAGE: INACTIVE
