2.000000e+00 1.478477e-02 1.478477e-02
2.050000e+00 1.283828e-02 1.283828e-02
2.100000e+00 1.121296e-02 1.121296e-02
2.150000e+00 9.848604e-03 9.848604e-03
2.200000e+00 8.696177e-03 8.696177e-03
2.250000e+00 7.716014e-03 7.716014e-03
2.300000e+00 6.876200e-03 6.876200e-03
2.350000e+00 6.151160e-03 6.151160e-03
2.400000e+00 5.520456e-03 5.520456e-03
2.450000e+00 4.967789e-03 4.967789e-03
2.500000e+00 4.480161e-03 4.480161e-03
2.550000e+00 4.047198e-03 4.047198e-03
2.600000e+00 3.660601e-03 3.660601e-03
2.650000e+00 3.313709e-03 3.313709e-03
2.700000e+00 3.001143e-03 3.001143e-03
2.750000e+00 2.718535e-03 2.718535e-03
2.800000e+00 2.462307e-03 2.462307e-03
2.850000e+00 2.229500e-03 2.229500e-03
2.900000e+00 2.017644e-03 2.017644e-03
2.950000e+00 1.824648e-03 1.824648e-03
3.000000e+00 1.648727e-03 1.648727e-03
3.050000e+00 1.488333e-03 1.488333e-03
3.100000e+00 1.342111e-03 1.342111e-03
3.150000e+00 1.208861e-03 1.208861e-03
3.200000e+00 1.087509e-03 1.087509e-03
3.250000e+00 9.770830e-04 9.770830e-04
3.300000e+00 8.767006e-04 8.767006e-04
3.350000e+00 7.855519e-04 7.855519e-04
3.400000e+00 7.028912e-04 7.028912e-04
3.450000e+00 6.280291e-04 6.280291e-04
3.500000e+00 5.603263e-04 5.603263e-04
3.550000e+00 4.991889e-04 4.991889e-04
3.600000e+00 4.440646e-04 4.440646e-04
3.650000e+00 3.944398e-04 3.944398e-04
3.700000e+00 3.498369e-04 3.498369e-04
3.750000e+00 3.098119e-04 3.098119e-04
3.800000e+00 2.739532e-04 2.739532e-04
3.850000e+00 2.418790e-04 2.418790e-04
3.900000e+00 2.132364e-04 2.132364e-04
3.950000e+00 1.876995e-04 1.876995e-04
4.000000e+00 1.649680e-04 1.649680e-04
4.050000e+00 1.447659e-04 1.447659e-04
4.100000e+00 1.268400e-04 1.268400e-04
4.150000e+00 1.109587e-04 1.109587e-04
4.200000e+00 9.691040e-05 9.691040e-05
4.250000e+00 8.450237e-05 8.450237e-05
4.300000e+00 7.355952e-05 7.355952e-05
4.350000e+00 6.392305e-05 6.392305e-05
4.400000e+00 5.544931e-05 5.544931e-05
4.450000e+00 4.800863e-05 4.800863e-05
4.500000e+00 4.148423e-05 4.148423e-05
4.550000e+00 3.577115e-05 3.577115e-05
4.600000e+00 3.077528e-05 3.077528e-05
4.650000e+00 2.641238e-05 2.641238e-05
4.700000e+00 2.260723e-05 2.260723e-05
4.750000e+00 1.929276e-05 1.929276e-05
4.800000e+00 1.640933e-05 1.640933e-05
4.850000e+00 1.390398e-05 1.390398e-05
4.900000e+00 1.172975e-05 1.172975e-05
4.950000e+00 9.845133e-06 9.845133e-06
5.000000e+00 8.213437e-06 8.213437e-06
5.050000e+00 6.802334e-06 6.802334e-06
5.100000e+00 5.583366e-06 5.583366e-06
5.150000e+00 4.531525e-06 4.531525e-06
5.200000e+00 3.624875e-06 3.624875e-06
5.250000e+00 2.844197e-06 2.844197e-06
5.300000e+00 2.172684e-06 2.172684e-06
5.350000e+00 1.595657e-06 1.595657e-06
5.400000e+00 1.100315e-06 1.100315e-06
5.450000e+00 6.755090e-07 6.755090e-07
5.500000e+00 3.115443e-07 3.115171e-07
5.550000e+00 6.123784e-20 2.402099e-19
5.600000e+00 0.000000e+00 -5.332552e-10
5.650000e+00 0.000000e+00 -2.315304e-08
5.700000e+00 0.000000e+00 -7.740217e-08
5.750000e+00 0.000000e+00 -1.632807e-07
5.800000e+00 0.000000e+00 -2.807885e-07
5.850000e+00 0.000000e+00 -4.299257e-07
5.900000e+00 0.000000e+00 -6.106923e-07
5.950000e+00 0.000000e+00 -8.230882e-07
6.000000e+00 0.000000e+00 -1.067113e-06
6.050000e+00 0.000000e+00 -1.342768e-06
6.100000e+00 0.000000e+00 -1.650052e-06
6.150000e+00 0.000000e+00 -1.988965e-06
6.200000e+00 0.000000e+00 -2.359508e-06
6.250000e+00 0.000000e+00 -2.761680e-06
6.300000e+00 0.000000e+00 -3.195481e-06
6.350000e+00 0.000000e+00 -3.660912e-06
6.400000e+00 0.000000e+00 -4.157972e-06
6.450000e+00 0.000000e+00 -4.686662e-06
6.500000e+00 0.000000e+00 -5.246981e-06
6.550000e+00 0.000000e+00 -5.838929e-06
6.600000e+00 0.000000e+00 -6.462506e-06
6.650000e+00 0.000000e+00 -7.117713e-06
6.700000e+00 0.000000e+00 -7.804549e-06
6.750000e+00 0.000000e+00 -8.523015e-06
6.800000e+00 0.000000e+00 -9.273110e-06
6.850000e+00 0.000000e+00 -1.005483e-05
6.900000e+00 0.000000e+00 -1.086819e-05
6.950000e+00 0.000000e+00 -1.171317e-05
7.000000e+00 0.000000e+00 -1.258978e-05
7.050000e+00 0.000000e+00 -1.349802e-05
7.100000e+00 0.000000e+00 -1.443790e-05
7.150000e+00 0.000000e+00 -1.540940e-05
7.200000e+00 0.000000e+00 -1.641253e-05
7.250000e+00 0.000000e+00 -1.744729e-05
7.300000e+00 0.000000e+00 -1.851367e-05
7.350000e+00 0.000000e+00 -1.961169e-05
7.400000e+00 0.000000e+00 -2.074134e-05
7.450000e+00 0.000000e+00 -2.190262e-05
7.500000e+00 0.000000e+00 -2.309552e-05
7.550000e+00 0.000000e+00 -2.432006e-05
7.600000e+00 0.000000e+00 -2.557622e-05
7.650000e+00 0.000000e+00 -2.686402e-05
7.700000e+00 0.000000e+00 -2.818344e-05
7.750000e+00 0.000000e+00 -2.953449e-05
7.800000e+00 0.000000e+00 -3.091717e-05
7.850000e+00 0.000000e+00 -3.233148e-05
7.900000e+00 0.000000e+00 -3.377743e-05
7.950000e+00 0.000000e+00 -3.525500e-05
8.000000e+00 0.000000e+00 -3.676419e-05
8.050000e+00 0.000000e+00 -3.830502e-05
8.100000e+00 0.000000e+00 -3.987748e-05
8.150000e+00 0.000000e+00 -4.148157e-05
8.200000e+00 0.000000e+00 -4.311729e-05
8.250000e+00 0.000000e+00 -4.478463e-05
8.300000e+00 0.000000e+00 -4.648361e-05
8.350000e+00 0.000000e+00 -4.821421e-05
8.400000e+00 0.000000e+00 -4.997645e-05
8.450000e+00 0.000000e+00 -5.177031e-05
8.500000e+00 0.000000e+00 -5.359580e-05
8.550000e+00 0.000000e+00 -5.545293e-05
8.600000e+00 0.000000e+00 -5.734168e-05
8.650000e+00 0.000000e+00 -5.926206e-05
8.700000e+00 0.000000e+00 -6.121407e-05
8.750000e+00 0.000000e+00 -6.319771e-05
8.800000e+00 0.000000e+00 -6.521298e-05
8.850000e+00 0.000000e+00 -6.725988e-05
8.900000e+00 0.000000e+00 -6.933840e-05
8.950000e+00 0.000000e+00 -7.144856e-05
9.000000e+00 0.000000e+00 -7.359035e-05
9.050000e+00 0.000000e+00 -7.576376e-05
9.100000e+00 0.000000e+00 -7.796881e-05
9.150000e+00 0.000000e+00 -8.020548e-05
9.200000e+00 0.000000e+00 -8.247379e-05
9.250000e+00 0.000000e+00 -8.477372e-05
9.300000e+00 0.000000e+00 -8.710528e-05
9.350000e+00 0.000000e+00 -8.946848e-05
9.400000e+00 0.000000e+00 -9.186330e-05
9.450000e+00 0.000000e+00 -9.428975e-05
9.500000e+00 0.000000e+00 -9.674783e-05
9.550000e+00 0.000000e+00 -9.923754e-05
9.600000e+00 0.000000e+00 -1.017589e-04
9.650000e+00 0.000000e+00 -1.043118e-04
9.700000e+00 0.000000e+00 -1.068964e-04
9.750000e+00 0.000000e+00 -1.095127e-04
9.800000e+00 0.000000e+00 -1.121605e-04
9.850000e+00 0.000000e+00 -1.148400e-04
9.900000e+00 0.000000e+00 -1.175511e-04
9.950000e+00 0.000000e+00 -1.202939e-04
