2.000000e+00 -1.318423e+01 -1.609476e+01
2.050000e+00 -1.147182e+01 -1.394567e+01
2.100000e+00 -9.991658e+00 -1.209713e+01
2.150000e+00 -8.710512e+00 -1.050466e+01
2.200000e+00 -7.600217e+00 -9.130844e+00
2.250000e+00 -6.636823e+00 -7.944032e+00
2.300000e+00 -5.799939e+00 -6.917464e+00
2.350000e+00 -5.072162e+00 -6.028411e+00
2.400000e+00 -4.438619e+00 -5.257575e+00
2.450000e+00 -3.886574e+00 -4.588506e+00
2.500000e+00 -3.405103e+00 -4.007175e+00
2.550000e+00 -2.984821e+00 -3.501588e+00
2.600000e+00 -2.617654e+00 -3.061474e+00
2.650000e+00 -2.296646e+00 -2.678029e+00
2.700000e+00 -2.015792e+00 -2.343685e+00
2.750000e+00 -1.769906e+00 -2.051938e+00
2.800000e+00 -1.554499e+00 -1.797178e+00
2.850000e+00 -1.365683e+00 -1.574572e+00
2.900000e+00 -1.200086e+00 -1.379941e+00
2.950000e+00 -1.054781e+00 -1.209674e+00
3.000000e+00 -9.272221e-01 -1.060641e+00
3.050000e+00 -8.151946e-01 -9.301324e-01
3.100000e+00 -7.167695e-01 -8.157937e-01
3.150000e+00 -6.302649e-01 -7.155809e-01
3.200000e+00 -5.542133e-01 -6.277169e-01
3.250000e+00 -4.873328e-01 -5.506539e-01
3.300000e+00 -4.285029e-01 -4.830449e-01
3.350000e+00 -3.767435e-01 -4.237140e-01
3.400000e+00 -3.311965e-01 -3.716366e-01
3.450000e+00 -2.911103e-01 -3.259166e-01
3.500000e+00 -2.558261e-01 -2.857723e-01
3.550000e+00 -2.247658e-01 -2.505188e-01
3.600000e+00 -1.974223e-01 -2.195579e-01
3.650000e+00 -1.733502e-01 -1.923652e-01
3.700000e+00 -1.521583e-01 -1.684816e-01
3.750000e+00 -1.335025e-01 -1.475047e-01
3.800000e+00 -1.170806e-01 -1.290815e-01
3.850000e+00 -1.026264e-01 -1.129024e-01
3.900000e+00 -8.990588e-02 -9.869571e-02
3.950000e+00 -7.871289e-02 -8.622283e-02
4.000000e+00 -6.886596e-02 -7.527413e-02
4.050000e+00 -6.020522e-02 -6.566560e-02
4.100000e+00 -5.258982e-02 -5.723531e-02
4.150000e+00 -4.589564e-02 -4.984112e-02
4.200000e+00 -4.001326e-02 -4.335785e-02
4.250000e+00 -3.484623e-02 -3.767554e-02
4.300000e+00 -3.030950e-02 -3.269740e-02
4.350000e+00 -2.632806e-02 -2.833828e-02
4.400000e+00 -2.283577e-02 -2.452329e-02
4.450000e+00 -1.977430e-02 -2.118647e-02
4.500000e+00 -1.709218e-02 -1.826984e-02
4.550000e+00 -1.474404e-02 -1.572229e-02
4.600000e+00 -1.268984e-02 -1.349893e-02
4.650000e+00 -1.089426e-02 -1.156016e-02
4.700000e+00 -9.326175e-03 -9.871206e-03
4.750000e+00 -7.958106e-03 -8.401403e-03
4.800000e+00 -6.765835e-03 -7.123813e-03
4.850000e+00 -5.728006e-03 -6.014703e-03
4.900000e+00 -4.825793e-03 -5.053214e-03
4.950000e+00 -4.042600e-03 -4.220985e-03
5.000000e+00 -3.363802e-03 -3.501877e-03
5.050000e+00 -2.776513e-03 -2.881696e-03
5.100000e+00 -2.269383e-03 -2.347964e-03
5.150000e+00 -1.832418e-03 -1.889723e-03
5.200000e+00 -1.456817e-03 -1.497335e-03
5.250000e+00 -1.134838e-03 -1.162349e-03
5.300000e+00 -8.596697e-04 -8.773355e-04
5.350000e+00 -6.253220e-04 -6.357844e-04
5.400000e+00 -4.265304e-04 -4.319791e-04
5.450000e+00 -2.586705e-04 -2.609144e-04
5.500000e+00 -1.176814e-04 -1.181991e-04
5.550000e+00 -1.136055e-17 -3.466226e-06
5.600000e+00 0.000000e+00 -3.573429e-08
5.650000e+00 0.000000e+00 -3.573429e-08
5.700000e+00 0.000000e+00 -3.573429e-08
5.750000e+00 0.000000e+00 -3.573429e-08
5.800000e+00 0.000000e+00 -3.573429e-08
5.850000e+00 0.000000e+00 -3.573429e-08
5.900000e+00 0.000000e+00 -3.573429e-08
5.950000e+00 0.000000e+00 -3.573429e-08
6.000000e+00 0.000000e+00 -3.573429e-08
6.050000e+00 0.000000e+00 -3.573429e-08
6.100000e+00 0.000000e+00 -3.573429e-08
6.150000e+00 0.000000e+00 -3.573429e-08
6.200000e+00 0.000000e+00 -3.573429e-08
6.250000e+00 0.000000e+00 -3.573429e-08
6.300000e+00 0.000000e+00 -3.573429e-08
6.350000e+00 0.000000e+00 -3.573429e-08
6.400000e+00 0.000000e+00 -3.573429e-08
6.450000e+00 0.000000e+00 -3.573429e-08
6.500000e+00 0.000000e+00 -3.573429e-08
6.550000e+00 0.000000e+00 -3.573429e-08
6.600000e+00 0.000000e+00 -3.573429e-08
6.650000e+00 0.000000e+00 -3.573429e-08
6.700000e+00 0.000000e+00 -3.573429e-08
6.750000e+00 0.000000e+00 -3.573429e-08
6.800000e+00 0.000000e+00 -3.573429e-08
6.850000e+00 0.000000e+00 -3.573429e-08
6.900000e+00 0.000000e+00 -3.573429e-08
6.950000e+00 0.000000e+00 -3.573429e-08
7.000000e+00 0.000000e+00 -3.573429e-08
7.050000e+00 0.000000e+00 -3.573429e-08
7.100000e+00 0.000000e+00 -3.573429e-08
7.150000e+00 0.000000e+00 -3.573429e-08
7.200000e+00 0.000000e+00 -3.573429e-08
7.250000e+00 0.000000e+00 -3.573429e-08
7.300000e+00 0.000000e+00 -3.573429e-08
7.350000e+00 0.000000e+00 -3.573429e-08
7.400000e+00 0.000000e+00 -3.573429e-08
7.450000e+00 0.000000e+00 -3.573429e-08
7.500000e+00 0.000000e+00 -3.573429e-08
7.550000e+00 0.000000e+00 -3.573429e-08
7.600000e+00 0.000000e+00 -3.573429e-08
7.650000e+00 0.000000e+00 -3.573429e-08
7.700000e+00 0.000000e+00 -3.573429e-08
7.750000e+00 0.000000e+00 -3.573429e-08
7.800000e+00 0.000000e+00 -3.573429e-08
7.850000e+00 0.000000e+00 -3.573429e-08
7.900000e+00 0.000000e+00 -3.573429e-08
7.950000e+00 0.000000e+00 -3.573429e-08
8.000000e+00 0.000000e+00 -3.573429e-08
8.050000e+00 0.000000e+00 -3.573429e-08
8.100000e+00 0.000000e+00 -3.573429e-08
8.150000e+00 0.000000e+00 -3.573429e-08
8.200000e+00 0.000000e+00 -3.573429e-08
8.250000e+00 0.000000e+00 -3.573429e-08
8.300000e+00 0.000000e+00 -3.573429e-08
8.350000e+00 0.000000e+00 -3.573429e-08
8.400000e+00 0.000000e+00 -3.573429e-08
8.450000e+00 0.000000e+00 -3.573429e-08
8.500000e+00 0.000000e+00 -3.573429e-08
8.550000e+00 0.000000e+00 -3.573429e-08
8.600000e+00 0.000000e+00 -3.573429e-08
8.650000e+00 0.000000e+00 -3.573429e-08
8.700000e+00 0.000000e+00 -3.573429e-08
8.750000e+00 0.000000e+00 -3.573429e-08
8.800000e+00 0.000000e+00 -3.573429e-08
8.850000e+00 0.000000e+00 -3.573429e-08
8.900000e+00 0.000000e+00 -3.573429e-08
8.950000e+00 0.000000e+00 -3.573429e-08
9.000000e+00 0.000000e+00 -3.573429e-08
9.050000e+00 0.000000e+00 -3.573429e-08
9.100000e+00 0.000000e+00 -3.573429e-08
9.150000e+00 0.000000e+00 -3.573429e-08
9.200000e+00 0.000000e+00 -3.573429e-08
9.250000e+00 0.000000e+00 -3.573429e-08
9.300000e+00 0.000000e+00 -3.573429e-08
9.350000e+00 0.000000e+00 -3.573429e-08
9.400000e+00 0.000000e+00 -3.573429e-08
9.450000e+00 0.000000e+00 -3.573429e-08
9.500000e+00 0.000000e+00 -3.573429e-08
9.550000e+00 0.000000e+00 -3.573429e-08
9.600000e+00 0.000000e+00 -3.573429e-08
9.650000e+00 0.000000e+00 -3.573429e-08
9.700000e+00 0.000000e+00 -3.573429e-08
9.750000e+00 0.000000e+00 -3.573429e-08
9.800000e+00 0.000000e+00 -3.573429e-08
9.850000e+00 0.000000e+00 -3.573429e-08
9.900000e+00 0.000000e+00 -3.573429e-08
9.950000e+00 0.000000e+00 -3.573429e-08
