A D/ABAQUS////
A D/ABAQUS_BCJ////
A D/J2plasticity////
A D/Ogden////
A D/Reese-Govindjee////
A D/Simo-Holzapfel////
A D/anisotropy////
A D/bio_materials////
A D/cornea_models////
A D/damage////
A D/dielectric_elastomer////
A D/dielectric_elastomer_2D////
A D/dielectric_elastomer_2D_visco////
A D/dielectric_elastomer_Q1P0////
A D/dielectric_elastomer_Q1P02D////
A D/dielectric_elastomer_Q1P0Surface////
A D/dielectric_elastomer_Q1P0_Elastocapillary////
A D/dielectric_elastomer_Q1P0_visco////
A D/dielectric_elastomer_visco////
A D/fossum////
A D/grad_plasticity_MR////
A D/hydrogel////
A D/jrmayeu////
A D/piezoelectricity////
A D/plasticity_DP_loc////
A D/plasticity_MR////
A D/plasticity_SMR////
A D/viscoelasticity////
