A D/ABAQUS_UMAT////
A D/ABAQUS_VUMAT////
A D/CB////
A D/EAM////
A D/Hookean////
A D/Ogden////
A D/Reese-Govindjee////
A D/SIERRA////
A D/Simo////
A D/Simo-Holzapfel////
A D/SimoVisco////
A D/VIB////
A D/VISCVIB////
A D/elasticity_crystl////
A D/geomodel////
A D/interfaces////
A D/managers////
A D/modCBSW////
A D/nlcsolver////
A D/piezoelectricity////
A D/plasticity_DP////
A D/plasticity_J2////
A D/plasticity_J2NlHard////
A D/plasticity_crystl////
A D/plasticity_macro////
A D/primitives////
A D/tevp////
A D/viscoelasticity////
