A D/AG_element////
A D/APS_grad////
A D/APS_grad_vector////
A D/BEM_element////
A D/DEM_coupling////
A D/DEM_ellip3d////
A D/Dielectric_Elastomer////
A D/Dielectric_Elastomer_2D////
A D/Dielectric_Elastomer_2D_Visco////
A D/Dielectric_Elastomer_Q1P0////
A D/Dielectric_Elastomer_Q1P02D////
A D/Dielectric_Elastomer_Q1P0Surface////
A D/Dielectric_Elastomer_Q1P0_Elastocapillary////
A D/Dielectric_Elastomer_Q1P0_Visco////
A D/Dielectric_Elastomer_Visco////
A D/HuWashizu////
A D/MaterialForce////
A D/PMLElement////
A D/cohesive_surface////
A D/contact////
A D/craig_enhanced_strain_loc////
A D/dorgan////
A D/enhanced_strain_loc////
A D/fiber_composite////
A D/fluid_element////
A D/membrane_fluid_interaction////
A D/meshfree_grad_plast////
A D/micromorphic////
A D/micromorphic2////
A D/micromorphic_curr_config////
A D/mixture////
A D/multiscale////
A D/optimization////
A D/piezoelectric////
A D/solid////
A D/solid_fluid_mix////
A D/surface_CB////
A D/surface_CB_EAM////
A D/surface_CB_Si////
A D/surface_CB_Si_Dimer////
A D/surface_CB_Tersoff////
A D/surface_CB_Wurtzite////
A D/surface_CB_ZB////
A D/xfem////
