A D/A2////
A D/BKL////
A D/BPG////
A D/Chv////
A D/ChvList////
A D/ChvManager////
A D/Coords////
A D/DSTree////
A D/DV////
A D/DenseMtx////
A D/Drand////
A D/EGraph////
A D/ETree////
A D/FrontMtx////
A D/GPart////
A D/Graph////
A D/I2Ohash////
A D/IIheap////
A D/ILUMtx////
A D/IV////
A D/IVL////
A D/Ideq////
A D/InpMtx////
A D/Iter////
A D/Lock////
A D/MSMD////
A D/Network////
A D/PatchAndGoInfo////
A D/Pencil////
A D/Perm////
A D/SemiImplMtx////
A D/SolveMap////
A D/SubMtx////
A D/SubMtxList////
A D/SubMtxManager////
A D/SymbFac////
A D/Tree////
A D/Utilities////
A D/ZV////
A D/drivers////
A D/misc////
