make[1]: Entering directory `/home/saman/Tahoe/tahoe'
executing "make build" in /home/saman/Tahoe/tahoe/../development
make[2]: Entering directory `/home/saman/Tahoe/development'
Tue Jul 28 14:54:56 EDT 2015
cd /home/saman/Tahoe/tahoe/../development/src-mirror
cd /home/saman/Tahoe/tahoe/../development/src-mirror; \
	make  objects \
	"ARCH = GNU-GCC4.6" \
	"MACRO_DIR = /home/saman/Tahoe/tahoe/../development/../macros" \
	"INC_DIR = /home/saman/Tahoe/tahoe/../development/inc" \
	"SRC_DIR = /home/saman/Tahoe/tahoe/../development/src-mirror" \
	"BLD_DIR = /home/saman/Tahoe/tahoe/../development" \
	"OBJ_DIR = /home/saman/Tahoe/tahoe/../development/obj" \
	"LIB_DIR = /home/saman/Tahoe/tahoe/../development/lib" \
	"PCH = developmentPrefix.h" \
	"OPT_CFLAGS = -I/home/saman/Tahoe/tahoe/../development/../development/inc -D__DEVELOPMENT__   -I/home/saman/Tahoe/tahoe/../development/../toolbox/inc -I/home/saman/Tahoe/tahoe/../development/../tahoe/inc -I/home/saman/Tahoe/tahoe/../development/../expat/include -D__EXPAT__                   -I/home/saman/Tahoe/tahoe/../development/../f2c/inc -D__F2C__" \
	"MOD_CFLAGS_C = " \
	"MOD_CFLAGS_CC = " \
	"MOD_CFLAGS_F = " \
	"MOD_LFLAGS = " \
	"OPT_MAKEDEPENDFLAGS = -I/home/saman/Tahoe/tahoe/../development/../development/inc     -I/home/saman/Tahoe/tahoe/../development/../toolbox/inc -I/home/saman/Tahoe/tahoe/../development/../tahoe/inc -I/home/saman/Tahoe/tahoe/../development/../expat/include  -I/home/saman/Tahoe/tahoe/../development/../f2c/inc                -D__DEVELOPMENT__    -D__EXPAT__                   -D__F2C__" \
	"MOD_MAKEDEPENDFLAGS = " \
	"DEPEND = all.depend" \
	"CURR_DIR = /home/saman/Tahoe/tahoe/../development/src-mirror"
make[3]: Entering directory `/home/saman/Tahoe/development/src-mirror'
make[4]: Entering directory `/home/saman/Tahoe/development/src-mirror'
make[4]: Nothing to be done for `update_objects'.
make[4]: Leaving directory `/home/saman/Tahoe/development/src-mirror'
make[4]: Entering directory `/home/saman/Tahoe/development/src-mirror'
 cd config
make[5]: Entering directory `/home/saman/Tahoe/development/src-mirror/config'
make[6]: Entering directory `/home/saman/Tahoe/development/src-mirror/config'
make[6]: Nothing to be done for `update_objects'.
make[6]: Leaving directory `/home/saman/Tahoe/development/src-mirror/config'
make[6]: Entering directory `/home/saman/Tahoe/development/src-mirror/config'
make[6]: Nothing to be done for `subdir_driver'.
make[6]: Leaving directory `/home/saman/Tahoe/development/src-mirror/config'
make[5]: Leaving directory `/home/saman/Tahoe/development/src-mirror/config'
 cd main
make[5]: Entering directory `/home/saman/Tahoe/development/src-mirror/main'
make[6]: Entering directory `/home/saman/Tahoe/development/src-mirror/main'
    /usr/bin/g++-4.6: ThermomechanicalCouplingManagerT.cpp
/usr/bin/g++-4.6 -c -I/home/saman/Tahoe/tahoe/../development/inc -DNON_UNIX_STDIO -D__POSIX_THREADS__ -DEIGHT_BYTE_REAL -O3 -DNDEBUG  -Wunused -Wuninitialized -Wno-deprecated -I/home/saman/Tahoe/tahoe/../development/../development/inc -D__DEVELOPMENT__   -I/home/saman/Tahoe/tahoe/../development/../toolbox/inc -I/home/saman/Tahoe/tahoe/../development/../tahoe/inc -I/home/saman/Tahoe/tahoe/../development/../expat/include -D__EXPAT__                   -I/home/saman/Tahoe/tahoe/../development/../f2c/inc -D__F2C__  ThermomechanicalCouplingManagerT.cpp
ln -sf /home/saman/Tahoe/tahoe/../development/src-mirror/main/ThermomechanicalCouplingManagerT.o /home/saman/Tahoe/tahoe/../development/obj/ThermomechanicalCouplingManagerT.o
make[6]: Leaving directory `/home/saman/Tahoe/development/src-mirror/main'
make[6]: Entering directory `/home/saman/Tahoe/development/src-mirror/main'
make[6]: Nothing to be done for `subdir_driver'.
make[6]: Leaving directory `/home/saman/Tahoe/development/src-mirror/main'
make[5]: Leaving directory `/home/saman/Tahoe/development/src-mirror/main'
 cd elements
make[5]: Entering directory `/home/saman/Tahoe/development/src-mirror/elements'
make[6]: Entering directory `/home/saman/Tahoe/development/src-mirror/elements'
make[6]: Nothing to be done for `update_objects'.
make[6]: Leaving directory `/home/saman/Tahoe/development/src-mirror/elements'
make[6]: Entering directory `/home/saman/Tahoe/development/src-mirror/elements'
 cd cohesive_surface
make[7]: Entering directory `/home/saman/Tahoe/development/src-mirror/elements/cohesive_surface'
make[8]: Entering directory `/home/saman/Tahoe/development/src-mirror/elements/cohesive_surface'
    /usr/bin/g++-4.6: CSEAnisoNodal.cpp
/usr/bin/g++-4.6 -c -I/home/saman/Tahoe/tahoe/../development/inc -DNON_UNIX_STDIO -D__POSIX_THREADS__ -DEIGHT_BYTE_REAL -O3 -DNDEBUG  -Wunused -Wuninitialized -Wno-deprecated -I/home/saman/Tahoe/tahoe/../development/../development/inc -D__DEVELOPMENT__   -I/home/saman/Tahoe/tahoe/../development/../toolbox/inc -I/home/saman/Tahoe/tahoe/../development/../tahoe/inc -I/home/saman/Tahoe/tahoe/../development/../expat/include -D__EXPAT__                   -I/home/saman/Tahoe/tahoe/../development/../f2c/inc -D__F2C__  CSEAnisoNodal.cpp
CSEAnisoNodal.cpp: In member function ‘int Tahoe::CSEAnisoNodal::ComputeTraction(const Tahoe::iArrayT&, const Tahoe::dArray2DT&, Tahoe::dArray2DT&)’:
CSEAnisoNodal.cpp:494:10: warning: unused variable ‘j’ [-Wunused-variable]
CSEAnisoNodal.cpp: In member function ‘virtual void Tahoe::CSEAnisoNodal::LHSDriver(Tahoe::GlobalT::SystemTypeT)’:
CSEAnisoNodal.cpp:670:12: warning: unused variable ‘j’ [-Wunused-variable]
CSEAnisoNodal.cpp:672:12: warning: unused variable ‘j’ [-Wunused-variable]
CSEAnisoNodal.cpp:567:26: warning: unused variable ‘format’ [-Wunused-variable]
CSEAnisoNodal.cpp: In member function ‘virtual void Tahoe::CSEAnisoNodal::RHSDriver()’:
CSEAnisoNodal.cpp:905:12: warning: unused variable ‘j’ [-Wunused-variable]
CSEAnisoNodal.cpp: In member function ‘double Tahoe::CSEAnisoNodal::ComputeRotation(const Tahoe::dArray2DT&, const Tahoe::dMatrixT&, Tahoe::dMatrixT&, Tahoe::ArrayT<Tahoe::dMatrixT>&)’:
CSEAnisoNodal.cpp:1067:6: warning: unused variable ‘npdim’ [-Wunused-variable]
CSEAnisoNodal.cpp:1070:6: warning: unused variable ‘num_facets’ [-Wunused-variable]
CSEAnisoNodal.cpp:1071:6: warning: unused variable ‘num_facet_nodes’ [-Wunused-variable]
ln -sf /home/saman/Tahoe/tahoe/../development/src-mirror/elements/cohesive_surface/CSEAnisoNodal.o /home/saman/Tahoe/tahoe/../development/obj/CSEAnisoNodal.o
    /usr/bin/g++-4.6: RigidCSEAnisoT.cpp
/usr/bin/g++-4.6 -c -I/home/saman/Tahoe/tahoe/../development/inc -DNON_UNIX_STDIO -D__POSIX_THREADS__ -DEIGHT_BYTE_REAL -O3 -DNDEBUG  -Wunused -Wuninitialized -Wno-deprecated -I/home/saman/Tahoe/tahoe/../development/../development/inc -D__DEVELOPMENT__   -I/home/saman/Tahoe/tahoe/../development/../toolbox/inc -I/home/saman/Tahoe/tahoe/../development/../tahoe/inc -I/home/saman/Tahoe/tahoe/../development/../expat/include -D__EXPAT__                   -I/home/saman/Tahoe/tahoe/../development/../f2c/inc -D__F2C__  RigidCSEAnisoT.cpp
RigidCSEAnisoT.cpp: In member function ‘virtual void Tahoe::RigidCSEAnisoT::TakeParameterList(const Tahoe::ParameterListT&)’:
RigidCSEAnisoT.cpp:301:6: warning: unused variable ‘neq’ [-Wunused-variable]
ln -sf /home/saman/Tahoe/tahoe/../development/src-mirror/elements/cohesive_surface/RigidCSEAnisoT.o /home/saman/Tahoe/tahoe/../development/obj/RigidCSEAnisoT.o
    /usr/bin/g++-4.6: UpLagAdaptiveT.cpp
/usr/bin/g++-4.6 -c -I/home/saman/Tahoe/tahoe/../development/inc -DNON_UNIX_STDIO -D__POSIX_THREADS__ -DEIGHT_BYTE_REAL -O3 -DNDEBUG  -Wunused -Wuninitialized -Wno-deprecated -I/home/saman/Tahoe/tahoe/../development/../development/inc -D__DEVELOPMENT__   -I/home/saman/Tahoe/tahoe/../development/../toolbox/inc -I/home/saman/Tahoe/tahoe/../development/../tahoe/inc -I/home/saman/Tahoe/tahoe/../development/../expat/include -D__EXPAT__                   -I/home/saman/Tahoe/tahoe/../development/../f2c/inc -D__F2C__  UpLagAdaptiveT.cpp
UpLagAdaptiveT.cpp: In member function ‘virtual Tahoe::GlobalT::RelaxCodeT Tahoe::UpLagAdaptiveT::ResetStep()’:
UpLagAdaptiveT.cpp:62:11: warning: unused variable ‘out’ [-Wunused-variable]
UpLagAdaptiveT.cpp:63:6: warning: unused variable ‘nip’ [-Wunused-variable]
UpLagAdaptiveT.cpp: In member function ‘virtual void Tahoe::UpLagAdaptiveT::FormKd(double)’:
UpLagAdaptiveT.cpp:249:7: warning: unused variable ‘elem’ [-Wunused-variable]
UpLagAdaptiveT.cpp:250:7: warning: unused variable ‘ip’ [-Wunused-variable]
UpLagAdaptiveT.cpp: In member function ‘virtual Tahoe::GlobalT::RelaxCodeT Tahoe::UpLagAdaptiveT::RelaxSystem()’:
UpLagAdaptiveT.cpp:357:8: warning: unused variable ‘nip’ [-Wunused-variable]
UpLagAdaptiveT.cpp:290:19: warning: unused variable ‘current_coords’ [-Wunused-variable]
ln -sf /home/saman/Tahoe/tahoe/../development/src-mirror/elements/cohesive_surface/UpLagAdaptiveT.o /home/saman/Tahoe/tahoe/../development/obj/UpLagAdaptiveT.o
    /usr/bin/g++-4.6: NodalRigidCSEAnisoT.cpp
/usr/bin/g++-4.6 -c -I/home/saman/Tahoe/tahoe/../development/inc -DNON_UNIX_STDIO -D__POSIX_THREADS__ -DEIGHT_BYTE_REAL -O3 -DNDEBUG  -Wunused -Wuninitialized -Wno-deprecated -I/home/saman/Tahoe/tahoe/../development/../development/inc -D__DEVELOPMENT__   -I/home/saman/Tahoe/tahoe/../development/../toolbox/inc -I/home/saman/Tahoe/tahoe/../development/../tahoe/inc -I/home/saman/Tahoe/tahoe/../development/../expat/include -D__EXPAT__                   -I/home/saman/Tahoe/tahoe/../development/../f2c/inc -D__F2C__  NodalRigidCSEAnisoT.cpp
NodalRigidCSEAnisoT.cpp: In member function ‘virtual void Tahoe::NodalRigidCSEAnisoT::ComputeOutput(const Tahoe::iArrayT&, Tahoe::dArray2DT&, const Tahoe::iArrayT&, Tahoe::dArray2DT&)’:
NodalRigidCSEAnisoT.cpp:386:7: warning: unused variable ‘nsd’ [-Wunused-variable]
NodalRigidCSEAnisoT.cpp:388:7: warning: unused variable ‘nen’ [-Wunused-variable]
ln -sf /home/saman/Tahoe/tahoe/../development/src-mirror/elements/cohesive_surface/NodalRigidCSEAnisoT.o /home/saman/Tahoe/tahoe/../development/obj/NodalRigidCSEAnisoT.o
    /usr/bin/g++-4.6: NodalRigidCSEAnisoMRT.cpp
/usr/bin/g++-4.6 -c -I/home/saman/Tahoe/tahoe/../development/inc -DNON_UNIX_STDIO -D__POSIX_THREADS__ -DEIGHT_BYTE_REAL -O3 -DNDEBUG  -Wunused -Wuninitialized -Wno-deprecated -I/home/saman/Tahoe/tahoe/../development/../development/inc -D__DEVELOPMENT__   -I/home/saman/Tahoe/tahoe/../development/../toolbox/inc -I/home/saman/Tahoe/tahoe/../development/../tahoe/inc -I/home/saman/Tahoe/tahoe/../development/../expat/include -D__EXPAT__                   -I/home/saman/Tahoe/tahoe/../development/../f2c/inc -D__F2C__  NodalRigidCSEAnisoMRT.cpp
NodalRigidCSEAnisoMRT.cpp: In member function ‘virtual void Tahoe::NodalRigidCSEAnisoMRT::ComputeOutput(const Tahoe::iArrayT&, Tahoe::dArray2DT&, const Tahoe::iArrayT&, Tahoe::dArray2DT&)’:
NodalRigidCSEAnisoMRT.cpp:386:10: warning: unused variable ‘nsd’ [-Wunused-variable]
NodalRigidCSEAnisoMRT.cpp:388:10: warning: unused variable ‘nen’ [-Wunused-variable]
ln -sf /home/saman/Tahoe/tahoe/../development/src-mirror/elements/cohesive_surface/NodalRigidCSEAnisoMRT.o /home/saman/Tahoe/tahoe/../development/obj/NodalRigidCSEAnisoMRT.o
make[8]: Leaving directory `/home/saman/Tahoe/development/src-mirror/elements/cohesive_surface'
make[8]: Entering directory `/home/saman/Tahoe/development/src-mirror/elements/cohesive_surface'
 cd cohesive_models
make[9]: Entering directory `/home/saman/Tahoe/development/src-mirror/elements/cohesive_surface/cohesive_models'
make[10]: Entering directory `/home/saman/Tahoe/development/src-mirror/elements/cohesive_surface/cohesive_models'
make[10]: Nothing to be done for `update_objects'.
make[10]: Leaving directory `/home/saman/Tahoe/development/src-mirror/elements/cohesive_surface/cohesive_models'
make[10]: Entering directory `/home/saman/Tahoe/development/src-mirror/elements/cohesive_surface/cohesive_models'
make[10]: Nothing to be done for `subdir_driver'.
make[10]: Leaving directory `/home/saman/Tahoe/development/src-mirror/elements/cohesive_surface/cohesive_models'
make[9]: Leaving directory `/home/saman/Tahoe/development/src-mirror/elements/cohesive_surface/cohesive_models'
make[8]: Leaving directory `/home/saman/Tahoe/development/src-mirror/elements/cohesive_surface'
make[7]: Leaving directory `/home/saman/Tahoe/development/src-mirror/elements/cohesive_surface'
 cd solid
make[7]: Entering directory `/home/saman/Tahoe/development/src-mirror/elements/solid'
make[8]: Entering directory `/home/saman/Tahoe/development/src-mirror/elements/solid'
make[8]: Nothing to be done for `update_objects'.
make[8]: Leaving directory `/home/saman/Tahoe/development/src-mirror/elements/solid'
make[8]: Entering directory `/home/saman/Tahoe/development/src-mirror/elements/solid'
 cd materials
make[9]: Entering directory `/home/saman/Tahoe/development/src-mirror/elements/solid/materials'
make[10]: Entering directory `/home/saman/Tahoe/development/src-mirror/elements/solid/materials'
make[10]: Nothing to be done for `update_objects'.
make[10]: Leaving directory `/home/saman/Tahoe/development/src-mirror/elements/solid/materials'
make[10]: Entering directory `/home/saman/Tahoe/development/src-mirror/elements/solid/materials'
 cd viscoelasticity
make[11]: Entering directory `/home/saman/Tahoe/development/src-mirror/elements/solid/materials/viscoelasticity'
make[12]: Entering directory `/home/saman/Tahoe/development/src-mirror/elements/solid/materials/viscoelasticity'
make[12]: Nothing to be done for `update_objects'.
make[12]: Leaving directory `/home/saman/Tahoe/development/src-mirror/elements/solid/materials/viscoelasticity'
make[12]: Entering directory `/home/saman/Tahoe/development/src-mirror/elements/solid/materials/viscoelasticity'
 cd Reese-Govindjee
make[13]: Entering directory `/home/saman/Tahoe/development/src-mirror/elements/solid/materials/viscoelasticity/Reese-Govindjee'
make[14]: Entering directory `/home/saman/Tahoe/development/src-mirror/elements/solid/materials/viscoelasticity/Reese-Govindjee'
make[14]: Nothing to be done for `update_objects'.
make[14]: Leaving directory `/home/saman/Tahoe/development/src-mirror/elements/solid/materials/viscoelasticity/Reese-Govindjee'
make[14]: Entering directory `/home/saman/Tahoe/development/src-mirror/elements/solid/materials/viscoelasticity/Reese-Govindjee'
make[14]: Leaving directory `/home/saman/Tahoe/development/src-mirror/elements/solid/materials/viscoelasticity/Reese-Govindjee'
make[13]: Leaving directory `/home/saman/Tahoe/development/src-mirror/elements/solid/materials/viscoelasticity/Reese-Govindjee'
 cd Simo-Holzapfel
make[13]: Entering directory `/home/saman/Tahoe/development/src-mirror/elements/solid/materials/viscoelasticity/Simo-Holzapfel'
make[14]: Entering directory `/home/saman/Tahoe/development/src-mirror/elements/solid/materials/viscoelasticity/Simo-Holzapfel'
make[14]: Nothing to be done for `update_objects'.
make[14]: Leaving directory `/home/saman/Tahoe/development/src-mirror/elements/solid/materials/viscoelasticity/Simo-Holzapfel'
make[14]: Entering directory `/home/saman/Tahoe/development/src-mirror/elements/solid/materials/viscoelasticity/Simo-Holzapfel'
 cd KStV
make[15]: Entering directory `/home/saman/Tahoe/development/src-mirror/elements/solid/materials/viscoelasticity/Simo-Holzapfel/KStV'
make[16]: Entering directory `/home/saman/Tahoe/development/src-mirror/elements/solid/materials/viscoelasticity/Simo-Holzapfel/KStV'
make[16]: Nothing to be done for `update_objects'.
make[16]: Leaving directory `/home/saman/Tahoe/development/src-mirror/elements/solid/materials/viscoelasticity/Simo-Holzapfel/KStV'
make[16]: Entering directory `/home/saman/Tahoe/development/src-mirror/elements/solid/materials/viscoelasticity/Simo-Holzapfel/KStV'
make[16]: Nothing to be done for `subdir_driver'.
make[16]: Leaving directory `/home/saman/Tahoe/development/src-mirror/elements/solid/materials/viscoelasticity/Simo-Holzapfel/KStV'
make[15]: Leaving directory `/home/saman/Tahoe/development/src-mirror/elements/solid/materials/viscoelasticity/Simo-Holzapfel/KStV'
make[14]: Leaving directory `/home/saman/Tahoe/development/src-mirror/elements/solid/materials/viscoelasticity/Simo-Holzapfel'
make[13]: Leaving directory `/home/saman/Tahoe/development/src-mirror/elements/solid/materials/viscoelasticity/Simo-Holzapfel'
 cd SMP
make[13]: Entering directory `/home/saman/Tahoe/development/src-mirror/elements/solid/materials/viscoelasticity/SMP'
make[14]: Entering directory `/home/saman/Tahoe/development/src-mirror/elements/solid/materials/viscoelasticity/SMP'
make[14]: Nothing to be done for `update_objects'.
make[14]: Leaving directory `/home/saman/Tahoe/development/src-mirror/elements/solid/materials/viscoelasticity/SMP'
make[14]: Entering directory `/home/saman/Tahoe/development/src-mirror/elements/solid/materials/viscoelasticity/SMP'
make[14]: Nothing to be done for `subdir_driver'.
make[14]: Leaving directory `/home/saman/Tahoe/development/src-mirror/elements/solid/materials/viscoelasticity/SMP'
make[13]: Leaving directory `/home/saman/Tahoe/development/src-mirror/elements/solid/materials/viscoelasticity/SMP'
make[12]: Leaving directory `/home/saman/Tahoe/development/src-mirror/elements/solid/materials/viscoelasticity'
make[11]: Leaving directory `/home/saman/Tahoe/development/src-mirror/elements/solid/materials/viscoelasticity'
 cd bio_materials
make[11]: Entering directory `/home/saman/Tahoe/development/src-mirror/elements/solid/materials/bio_materials'
make[12]: Entering directory `/home/saman/Tahoe/development/src-mirror/elements/solid/materials/bio_materials'
make[12]: Nothing to be done for `update_objects'.
make[12]: Leaving directory `/home/saman/Tahoe/development/src-mirror/elements/solid/materials/bio_materials'
make[12]: Entering directory `/home/saman/Tahoe/development/src-mirror/elements/solid/materials/bio_materials'
make[12]: Leaving directory `/home/saman/Tahoe/development/src-mirror/elements/solid/materials/bio_materials'
make[11]: Leaving directory `/home/saman/Tahoe/development/src-mirror/elements/solid/materials/bio_materials'
 cd dielectric_elastomer
make[11]: Entering directory `/home/saman/Tahoe/development/src-mirror/elements/solid/materials/dielectric_elastomer'
make[12]: Entering directory `/home/saman/Tahoe/development/src-mirror/elements/solid/materials/dielectric_elastomer'
    /usr/bin/g++-4.6: FSDEMatSupportT.cpp
/usr/bin/g++-4.6 -c -I/home/saman/Tahoe/tahoe/../development/inc -DNON_UNIX_STDIO -D__POSIX_THREADS__ -DEIGHT_BYTE_REAL -O3 -DNDEBUG  -Wunused -Wuninitialized -Wno-deprecated -I/home/saman/Tahoe/tahoe/../development/../development/inc -D__DEVELOPMENT__   -I/home/saman/Tahoe/tahoe/../development/../toolbox/inc -I/home/saman/Tahoe/tahoe/../development/../tahoe/inc -I/home/saman/Tahoe/tahoe/../development/../expat/include -D__EXPAT__                   -I/home/saman/Tahoe/tahoe/../development/../f2c/inc -D__F2C__  FSDEMatSupportT.cpp
ln -sf /home/saman/Tahoe/tahoe/../development/src-mirror/elements/solid/materials/dielectric_elastomer/FSDEMatSupportT.o /home/saman/Tahoe/tahoe/../development/obj/FSDEMatSupportT.o
make[12]: Leaving directory `/home/saman/Tahoe/development/src-mirror/elements/solid/materials/dielectric_elastomer'
make[12]: Entering directory `/home/saman/Tahoe/development/src-mirror/elements/solid/materials/dielectric_elastomer'
make[12]: Nothing to be done for `subdir_driver'.
make[12]: Leaving directory `/home/saman/Tahoe/development/src-mirror/elements/solid/materials/dielectric_elastomer'
make[11]: Leaving directory `/home/saman/Tahoe/development/src-mirror/elements/solid/materials/dielectric_elastomer'
 cd dielectric_elastomer_Q1P0
make[11]: Entering directory `/home/saman/Tahoe/development/src-mirror/elements/solid/materials/dielectric_elastomer_Q1P0'
make[12]: Entering directory `/home/saman/Tahoe/development/src-mirror/elements/solid/materials/dielectric_elastomer_Q1P0'
    /usr/bin/g++-4.6: FSDEMatSupportQ1P0T.cpp
/usr/bin/g++-4.6 -c -I/home/saman/Tahoe/tahoe/../development/inc -DNON_UNIX_STDIO -D__POSIX_THREADS__ -DEIGHT_BYTE_REAL -O3 -DNDEBUG  -Wunused -Wuninitialized -Wno-deprecated -I/home/saman/Tahoe/tahoe/../development/../development/inc -D__DEVELOPMENT__   -I/home/saman/Tahoe/tahoe/../development/../toolbox/inc -I/home/saman/Tahoe/tahoe/../development/../tahoe/inc -I/home/saman/Tahoe/tahoe/../development/../expat/include -D__EXPAT__                   -I/home/saman/Tahoe/tahoe/../development/../f2c/inc -D__F2C__  FSDEMatSupportQ1P0T.cpp
ln -sf /home/saman/Tahoe/tahoe/../development/src-mirror/elements/solid/materials/dielectric_elastomer_Q1P0/FSDEMatSupportQ1P0T.o /home/saman/Tahoe/tahoe/../development/obj/FSDEMatSupportQ1P0T.o
make[12]: Leaving directory `/home/saman/Tahoe/development/src-mirror/elements/solid/materials/dielectric_elastomer_Q1P0'
make[12]: Entering directory `/home/saman/Tahoe/development/src-mirror/elements/solid/materials/dielectric_elastomer_Q1P0'
make[12]: Nothing to be done for `subdir_driver'.
make[12]: Leaving directory `/home/saman/Tahoe/development/src-mirror/elements/solid/materials/dielectric_elastomer_Q1P0'
make[11]: Leaving directory `/home/saman/Tahoe/development/src-mirror/elements/solid/materials/dielectric_elastomer_Q1P0'
 cd dielectric_elastomer_Q1P0_Elastocapillary
make[11]: Entering directory `/home/saman/Tahoe/development/src-mirror/elements/solid/materials/dielectric_elastomer_Q1P0_Elastocapillary'
make[12]: Entering directory `/home/saman/Tahoe/development/src-mirror/elements/solid/materials/dielectric_elastomer_Q1P0_Elastocapillary'
make[12]: Nothing to be done for `update_objects'.
make[12]: Leaving directory `/home/saman/Tahoe/development/src-mirror/elements/solid/materials/dielectric_elastomer_Q1P0_Elastocapillary'
make[12]: Entering directory `/home/saman/Tahoe/development/src-mirror/elements/solid/materials/dielectric_elastomer_Q1P0_Elastocapillary'
make[12]: Nothing to be done for `subdir_driver'.
make[12]: Leaving directory `/home/saman/Tahoe/development/src-mirror/elements/solid/materials/dielectric_elastomer_Q1P0_Elastocapillary'
make[11]: Leaving directory `/home/saman/Tahoe/development/src-mirror/elements/solid/materials/dielectric_elastomer_Q1P0_Elastocapillary'
 cd dielectric_elastomer_Q1P0_visco
make[11]: Entering directory `/home/saman/Tahoe/development/src-mirror/elements/solid/materials/dielectric_elastomer_Q1P0_visco'
make[12]: Entering directory `/home/saman/Tahoe/development/src-mirror/elements/solid/materials/dielectric_elastomer_Q1P0_visco'
    /usr/bin/g++-4.6: FSDEMatSupportQ1P0ViscoT.cpp
/usr/bin/g++-4.6 -c -I/home/saman/Tahoe/tahoe/../development/inc -DNON_UNIX_STDIO -D__POSIX_THREADS__ -DEIGHT_BYTE_REAL -O3 -DNDEBUG  -Wunused -Wuninitialized -Wno-deprecated -I/home/saman/Tahoe/tahoe/../development/../development/inc -D__DEVELOPMENT__   -I/home/saman/Tahoe/tahoe/../development/../toolbox/inc -I/home/saman/Tahoe/tahoe/../development/../tahoe/inc -I/home/saman/Tahoe/tahoe/../development/../expat/include -D__EXPAT__                   -I/home/saman/Tahoe/tahoe/../development/../f2c/inc -D__F2C__  FSDEMatSupportQ1P0ViscoT.cpp
ln -sf /home/saman/Tahoe/tahoe/../development/src-mirror/elements/solid/materials/dielectric_elastomer_Q1P0_visco/FSDEMatSupportQ1P0ViscoT.o /home/saman/Tahoe/tahoe/../development/obj/FSDEMatSupportQ1P0ViscoT.o
make[12]: Leaving directory `/home/saman/Tahoe/development/src-mirror/elements/solid/materials/dielectric_elastomer_Q1P0_visco'
make[12]: Entering directory `/home/saman/Tahoe/development/src-mirror/elements/solid/materials/dielectric_elastomer_Q1P0_visco'
make[12]: Nothing to be done for `subdir_driver'.
make[12]: Leaving directory `/home/saman/Tahoe/development/src-mirror/elements/solid/materials/dielectric_elastomer_Q1P0_visco'
make[11]: Leaving directory `/home/saman/Tahoe/development/src-mirror/elements/solid/materials/dielectric_elastomer_Q1P0_visco'
 cd dielectric_elastomer_2D
make[11]: Entering directory `/home/saman/Tahoe/development/src-mirror/elements/solid/materials/dielectric_elastomer_2D'
make[12]: Entering directory `/home/saman/Tahoe/development/src-mirror/elements/solid/materials/dielectric_elastomer_2D'
    /usr/bin/g++-4.6: FSDEMatSupport2DT.cpp
/usr/bin/g++-4.6 -c -I/home/saman/Tahoe/tahoe/../development/inc -DNON_UNIX_STDIO -D__POSIX_THREADS__ -DEIGHT_BYTE_REAL -O3 -DNDEBUG  -Wunused -Wuninitialized -Wno-deprecated -I/home/saman/Tahoe/tahoe/../development/../development/inc -D__DEVELOPMENT__   -I/home/saman/Tahoe/tahoe/../development/../toolbox/inc -I/home/saman/Tahoe/tahoe/../development/../tahoe/inc -I/home/saman/Tahoe/tahoe/../development/../expat/include -D__EXPAT__                   -I/home/saman/Tahoe/tahoe/../development/../f2c/inc -D__F2C__  FSDEMatSupport2DT.cpp
In file included from /home/saman/Tahoe/tahoe/../development/inc/FSDEMat2DT.h:114:0,
                 from /home/saman/Tahoe/tahoe/../development/inc/FSDielectricElastomer2DT.h:8,
                 from FSDEMatSupport2DT.cpp:2:
/home/saman/Tahoe/tahoe/../development/inc/FSDEMat2DT.i.h: In member function ‘virtual const Tahoe::dMatrixT& Tahoe::FSDEMat2DT::b_ij()’:
/home/saman/Tahoe/tahoe/../development/inc/FSDEMat2DT.i.h:320:18: warning: unused variable ‘J’ [-Wunused-variable]
ln -sf /home/saman/Tahoe/tahoe/../development/src-mirror/elements/solid/materials/dielectric_elastomer_2D/FSDEMatSupport2DT.o /home/saman/Tahoe/tahoe/../development/obj/FSDEMatSupport2DT.o
make[12]: Leaving directory `/home/saman/Tahoe/development/src-mirror/elements/solid/materials/dielectric_elastomer_2D'
make[12]: Entering directory `/home/saman/Tahoe/development/src-mirror/elements/solid/materials/dielectric_elastomer_2D'
make[12]: Nothing to be done for `subdir_driver'.
make[12]: Leaving directory `/home/saman/Tahoe/development/src-mirror/elements/solid/materials/dielectric_elastomer_2D'
make[11]: Leaving directory `/home/saman/Tahoe/development/src-mirror/elements/solid/materials/dielectric_elastomer_2D'
 cd dielectric_elastomer_Q1P02D
make[11]: Entering directory `/home/saman/Tahoe/development/src-mirror/elements/solid/materials/dielectric_elastomer_Q1P02D'
make[12]: Entering directory `/home/saman/Tahoe/development/src-mirror/elements/solid/materials/dielectric_elastomer_Q1P02D'
    /usr/bin/g++-4.6: FSDEMatSupportQ1P02DT.cpp
/usr/bin/g++-4.6 -c -I/home/saman/Tahoe/tahoe/../development/inc -DNON_UNIX_STDIO -D__POSIX_THREADS__ -DEIGHT_BYTE_REAL -O3 -DNDEBUG  -Wunused -Wuninitialized -Wno-deprecated -I/home/saman/Tahoe/tahoe/../development/../development/inc -D__DEVELOPMENT__   -I/home/saman/Tahoe/tahoe/../development/../toolbox/inc -I/home/saman/Tahoe/tahoe/../development/../tahoe/inc -I/home/saman/Tahoe/tahoe/../development/../expat/include -D__EXPAT__                   -I/home/saman/Tahoe/tahoe/../development/../f2c/inc -D__F2C__  FSDEMatSupportQ1P02DT.cpp
ln -sf /home/saman/Tahoe/tahoe/../development/src-mirror/elements/solid/materials/dielectric_elastomer_Q1P02D/FSDEMatSupportQ1P02DT.o /home/saman/Tahoe/tahoe/../development/obj/FSDEMatSupportQ1P02DT.o
make[12]: Leaving directory `/home/saman/Tahoe/development/src-mirror/elements/solid/materials/dielectric_elastomer_Q1P02D'
make[12]: Entering directory `/home/saman/Tahoe/development/src-mirror/elements/solid/materials/dielectric_elastomer_Q1P02D'
make[12]: Nothing to be done for `subdir_driver'.
make[12]: Leaving directory `/home/saman/Tahoe/development/src-mirror/elements/solid/materials/dielectric_elastomer_Q1P02D'
make[11]: Leaving directory `/home/saman/Tahoe/development/src-mirror/elements/solid/materials/dielectric_elastomer_Q1P02D'
make[10]: Leaving directory `/home/saman/Tahoe/development/src-mirror/elements/solid/materials'
make[9]: Leaving directory `/home/saman/Tahoe/development/src-mirror/elements/solid/materials'
make[8]: Leaving directory `/home/saman/Tahoe/development/src-mirror/elements/solid'
make[7]: Leaving directory `/home/saman/Tahoe/development/src-mirror/elements/solid'
 cd solid/simple_solid
make[7]: Entering directory `/home/saman/Tahoe/development/src-mirror/elements/solid/simple_solid'
make[8]: Entering directory `/home/saman/Tahoe/development/src-mirror/elements/solid/simple_solid'
    /usr/bin/g++-4.6: TotalLagrangianFlatT.cpp
/usr/bin/g++-4.6 -c -I/home/saman/Tahoe/tahoe/../development/inc -DNON_UNIX_STDIO -D__POSIX_THREADS__ -DEIGHT_BYTE_REAL -O3 -DNDEBUG  -Wunused -Wuninitialized -Wno-deprecated -I/home/saman/Tahoe/tahoe/../development/../development/inc -D__DEVELOPMENT__   -I/home/saman/Tahoe/tahoe/../development/../toolbox/inc -I/home/saman/Tahoe/tahoe/../development/../tahoe/inc -I/home/saman/Tahoe/tahoe/../development/../expat/include -D__EXPAT__                   -I/home/saman/Tahoe/tahoe/../development/../f2c/inc -D__F2C__  TotalLagrangianFlatT.cpp
TotalLagrangianFlatT.cpp: In member function ‘virtual void Tahoe::TotalLagrangianFlatT::RHSDriver()’:
TotalLagrangianFlatT.cpp:50:6: warning: unused variable ‘formKd’ [-Wunused-variable]
ln -sf /home/saman/Tahoe/tahoe/../development/src-mirror/elements/solid/simple_solid/TotalLagrangianFlatT.o /home/saman/Tahoe/tahoe/../development/obj/TotalLagrangianFlatT.o
make[8]: Leaving directory `/home/saman/Tahoe/development/src-mirror/elements/solid/simple_solid'
make[8]: Entering directory `/home/saman/Tahoe/development/src-mirror/elements/solid/simple_solid'
make[8]: Nothing to be done for `subdir_driver'.
make[8]: Leaving directory `/home/saman/Tahoe/development/src-mirror/elements/solid/simple_solid'
make[7]: Leaving directory `/home/saman/Tahoe/development/src-mirror/elements/solid/simple_solid'
 cd mixture
make[7]: Entering directory `/home/saman/Tahoe/development/src-mirror/elements/mixture'
make[8]: Entering directory `/home/saman/Tahoe/development/src-mirror/elements/mixture'
    /usr/bin/g++-4.6: FSSolidMixtureT.cpp
/usr/bin/g++-4.6 -c -I/home/saman/Tahoe/tahoe/../development/inc -DNON_UNIX_STDIO -D__POSIX_THREADS__ -DEIGHT_BYTE_REAL -O3 -DNDEBUG  -Wunused -Wuninitialized -Wno-deprecated -I/home/saman/Tahoe/tahoe/../development/../development/inc -D__DEVELOPMENT__   -I/home/saman/Tahoe/tahoe/../development/../toolbox/inc -I/home/saman/Tahoe/tahoe/../development/../tahoe/inc -I/home/saman/Tahoe/tahoe/../development/../expat/include -D__EXPAT__                   -I/home/saman/Tahoe/tahoe/../development/../f2c/inc -D__F2C__  FSSolidMixtureT.cpp
ln -sf /home/saman/Tahoe/tahoe/../development/src-mirror/elements/mixture/FSSolidMixtureT.o /home/saman/Tahoe/tahoe/../development/obj/FSSolidMixtureT.o
    /usr/bin/g++-4.6: MixtureSpeciesT.cpp
/usr/bin/g++-4.6 -c -I/home/saman/Tahoe/tahoe/../development/inc -DNON_UNIX_STDIO -D__POSIX_THREADS__ -DEIGHT_BYTE_REAL -O3 -DNDEBUG  -Wunused -Wuninitialized -Wno-deprecated -I/home/saman/Tahoe/tahoe/../development/../development/inc -D__DEVELOPMENT__   -I/home/saman/Tahoe/tahoe/../development/../toolbox/inc -I/home/saman/Tahoe/tahoe/../development/../tahoe/inc -I/home/saman/Tahoe/tahoe/../development/../expat/include -D__EXPAT__                   -I/home/saman/Tahoe/tahoe/../development/../f2c/inc -D__F2C__  MixtureSpeciesT.cpp
MixtureSpeciesT.cpp: In member function ‘void Tahoe::MixtureSpeciesT::ComputeMassFlux(bool)’:
MixtureSpeciesT.cpp:482:13: warning: unused variable ‘caller’ [-Wunused-variable]
ln -sf /home/saman/Tahoe/tahoe/../development/src-mirror/elements/mixture/MixtureSpeciesT.o /home/saman/Tahoe/tahoe/../development/obj/MixtureSpeciesT.o
    /usr/bin/g++-4.6: CurrMixtureSpeciesT.cpp
/usr/bin/g++-4.6 -c -I/home/saman/Tahoe/tahoe/../development/inc -DNON_UNIX_STDIO -D__POSIX_THREADS__ -DEIGHT_BYTE_REAL -O3 -DNDEBUG  -Wunused -Wuninitialized -Wno-deprecated -I/home/saman/Tahoe/tahoe/../development/../development/inc -D__DEVELOPMENT__   -I/home/saman/Tahoe/tahoe/../development/../toolbox/inc -I/home/saman/Tahoe/tahoe/../development/../tahoe/inc -I/home/saman/Tahoe/tahoe/../development/../expat/include -D__EXPAT__                   -I/home/saman/Tahoe/tahoe/../development/../f2c/inc -D__F2C__  CurrMixtureSpeciesT.cpp
CurrMixtureSpeciesT.cpp: In member function ‘void Tahoe::CurrMixtureSpeciesT::ComputeMassFlux(bool)’:
CurrMixtureSpeciesT.cpp:777:13: warning: unused variable ‘caller’ [-Wunused-variable]
CurrMixtureSpeciesT.cpp: In member function ‘void Tahoe::CurrMixtureSpeciesT::ProjectV()’:
CurrMixtureSpeciesT.cpp:1119:13: warning: unused variable ‘caller’ [-Wunused-variable]
ln -sf /home/saman/Tahoe/tahoe/../development/src-mirror/elements/mixture/CurrMixtureSpeciesT.o /home/saman/Tahoe/tahoe/../development/obj/CurrMixtureSpeciesT.o
    /usr/bin/g++-4.6: UpdatedLagMixtureT.cpp
/usr/bin/g++-4.6 -c -I/home/saman/Tahoe/tahoe/../development/inc -DNON_UNIX_STDIO -D__POSIX_THREADS__ -DEIGHT_BYTE_REAL -O3 -DNDEBUG  -Wunused -Wuninitialized -Wno-deprecated -I/home/saman/Tahoe/tahoe/../development/../development/inc -D__DEVELOPMENT__   -I/home/saman/Tahoe/tahoe/../development/../toolbox/inc -I/home/saman/Tahoe/tahoe/../development/../tahoe/inc -I/home/saman/Tahoe/tahoe/../development/../expat/include -D__EXPAT__                   -I/home/saman/Tahoe/tahoe/../development/../f2c/inc -D__F2C__  UpdatedLagMixtureT.cpp
UpdatedLagMixtureT.cpp: In member function ‘void Tahoe::UpdatedLagMixtureT::ProjectPartialCauchy(int)’:
UpdatedLagMixtureT.cpp:148:32: warning: unused variable ‘conc’ [-Wunused-variable]
ln -sf /home/saman/Tahoe/tahoe/../development/src-mirror/elements/mixture/UpdatedLagMixtureT.o /home/saman/Tahoe/tahoe/../development/obj/UpdatedLagMixtureT.o
    /usr/bin/g++-4.6: Q1P0MixtureT.cpp
/usr/bin/g++-4.6 -c -I/home/saman/Tahoe/tahoe/../development/inc -DNON_UNIX_STDIO -D__POSIX_THREADS__ -DEIGHT_BYTE_REAL -O3 -DNDEBUG  -Wunused -Wuninitialized -Wno-deprecated -I/home/saman/Tahoe/tahoe/../development/../development/inc -D__DEVELOPMENT__   -I/home/saman/Tahoe/tahoe/../development/../toolbox/inc -I/home/saman/Tahoe/tahoe/../development/../tahoe/inc -I/home/saman/Tahoe/tahoe/../development/../expat/include -D__EXPAT__                   -I/home/saman/Tahoe/tahoe/../development/../f2c/inc -D__F2C__  Q1P0MixtureT.cpp
Q1P0MixtureT.cpp: In member function ‘void Tahoe::Q1P0MixtureT::ProjectPartialCauchy(int)’:
Q1P0MixtureT.cpp:148:32: warning: unused variable ‘conc’ [-Wunused-variable]
ln -sf /home/saman/Tahoe/tahoe/../development/src-mirror/elements/mixture/Q1P0MixtureT.o /home/saman/Tahoe/tahoe/../development/obj/Q1P0MixtureT.o
make[8]: Leaving directory `/home/saman/Tahoe/development/src-mirror/elements/mixture'
make[8]: Entering directory `/home/saman/Tahoe/development/src-mirror/elements/mixture'
make[8]: Nothing to be done for `subdir_driver'.
make[8]: Leaving directory `/home/saman/Tahoe/development/src-mirror/elements/mixture'
make[7]: Leaving directory `/home/saman/Tahoe/development/src-mirror/elements/mixture'
 cd Dielectric_Elastomer
make[7]: Entering directory `/home/saman/Tahoe/development/src-mirror/elements/Dielectric_Elastomer'
make[8]: Entering directory `/home/saman/Tahoe/development/src-mirror/elements/Dielectric_Elastomer'
    /usr/bin/g++-4.6: FSDielectricElastomerT.cpp
/usr/bin/g++-4.6 -c -I/home/saman/Tahoe/tahoe/../development/inc -DNON_UNIX_STDIO -D__POSIX_THREADS__ -DEIGHT_BYTE_REAL -O3 -DNDEBUG  -Wunused -Wuninitialized -Wno-deprecated -I/home/saman/Tahoe/tahoe/../development/../development/inc -D__DEVELOPMENT__   -I/home/saman/Tahoe/tahoe/../development/../toolbox/inc -I/home/saman/Tahoe/tahoe/../development/../tahoe/inc -I/home/saman/Tahoe/tahoe/../development/../expat/include -D__EXPAT__                   -I/home/saman/Tahoe/tahoe/../development/../f2c/inc -D__F2C__  FSDielectricElastomerT.cpp
FSDielectricElastomerT.cpp: In member function ‘virtual void Tahoe::FSDielectricElastomerT::AddNodalForce(const Tahoe::FieldT&, int, Tahoe::dArrayT&)’:
FSDielectricElastomerT.cpp:358:6: warning: unused variable ‘formBody’ [-Wunused-variable]
FSDielectricElastomerT.cpp: In member function ‘void Tahoe::FSDielectricElastomerT::Set_B_C(const Tahoe::dArray2DT&, Tahoe::dMatrixT&)’:
FSDielectricElastomerT.cpp:451:15: warning: unused variable ‘nnd’ [-Wunused-variable]
FSDielectricElastomerT.cpp: In member function ‘virtual void Tahoe::FSDielectricElastomerT::FormKd(double)’:
FSDielectricElastomerT.cpp:635:20: warning: unused variable ‘w1’ [-Wunused-variable]
FSDielectricElastomerT.cpp: In member function ‘virtual void Tahoe::FSDielectricElastomerT::ComputeOutput(const Tahoe::iArrayT&, Tahoe::dArray2DT&, const Tahoe::iArrayT&, Tahoe::dArray2DT&)’:
FSDielectricElastomerT.cpp:785:9: warning: unused variable ‘nnd’ [-Wunused-variable]
ln -sf /home/saman/Tahoe/tahoe/../development/src-mirror/elements/Dielectric_Elastomer/FSDielectricElastomerT.o /home/saman/Tahoe/tahoe/../development/obj/FSDielectricElastomerT.o
make[8]: Leaving directory `/home/saman/Tahoe/development/src-mirror/elements/Dielectric_Elastomer'
make[8]: Entering directory `/home/saman/Tahoe/development/src-mirror/elements/Dielectric_Elastomer'
make[8]: Nothing to be done for `subdir_driver'.
make[8]: Leaving directory `/home/saman/Tahoe/development/src-mirror/elements/Dielectric_Elastomer'
make[7]: Leaving directory `/home/saman/Tahoe/development/src-mirror/elements/Dielectric_Elastomer'
 cd Dielectric_Elastomer_Q1P0
make[7]: Entering directory `/home/saman/Tahoe/development/src-mirror/elements/Dielectric_Elastomer_Q1P0'
make[8]: Entering directory `/home/saman/Tahoe/development/src-mirror/elements/Dielectric_Elastomer_Q1P0'
    /usr/bin/g++-4.6: FSDielectricElastomerQ1P0T.cpp
/usr/bin/g++-4.6 -c -I/home/saman/Tahoe/tahoe/../development/inc -DNON_UNIX_STDIO -D__POSIX_THREADS__ -DEIGHT_BYTE_REAL -O3 -DNDEBUG  -Wunused -Wuninitialized -Wno-deprecated -I/home/saman/Tahoe/tahoe/../development/../development/inc -D__DEVELOPMENT__   -I/home/saman/Tahoe/tahoe/../development/../toolbox/inc -I/home/saman/Tahoe/tahoe/../development/../tahoe/inc -I/home/saman/Tahoe/tahoe/../development/../expat/include -D__EXPAT__                   -I/home/saman/Tahoe/tahoe/../development/../f2c/inc -D__F2C__  FSDielectricElastomerQ1P0T.cpp
FSDielectricElastomerQ1P0T.cpp: In member function ‘virtual void Tahoe::FSDielectricElastomerQ1P0T::AddNodalForce(const Tahoe::FieldT&, int, Tahoe::dArrayT&)’:
FSDielectricElastomerQ1P0T.cpp:517:6: warning: unused variable ‘formBody’ [-Wunused-variable]
FSDielectricElastomerQ1P0T.cpp: In member function ‘virtual void Tahoe::FSDielectricElastomerQ1P0T::FormStiffness(double)’:
FSDielectricElastomerQ1P0T.cpp:648:10: warning: unused variable ‘p’ [-Wunused-variable]
FSDielectricElastomerQ1P0T.cpp:612:9: warning: unused variable ‘v’ [-Wunused-variable]
FSDielectricElastomerQ1P0T.cpp:613:9: warning: unused variable ‘p_bar’ [-Wunused-variable]
FSDielectricElastomerQ1P0T.cpp: In member function ‘virtual void Tahoe::FSDielectricElastomerQ1P0T::ComputeOutput(const Tahoe::iArrayT&, Tahoe::dArray2DT&, const Tahoe::iArrayT&, Tahoe::dArray2DT&)’:
FSDielectricElastomerQ1P0T.cpp:960:9: warning: unused variable ‘nnd’ [-Wunused-variable]
ln -sf /home/saman/Tahoe/tahoe/../development/src-mirror/elements/Dielectric_Elastomer_Q1P0/FSDielectricElastomerQ1P0T.o /home/saman/Tahoe/tahoe/../development/obj/FSDielectricElastomerQ1P0T.o
make[8]: Leaving directory `/home/saman/Tahoe/development/src-mirror/elements/Dielectric_Elastomer_Q1P0'
make[8]: Entering directory `/home/saman/Tahoe/development/src-mirror/elements/Dielectric_Elastomer_Q1P0'
make[8]: Nothing to be done for `subdir_driver'.
make[8]: Leaving directory `/home/saman/Tahoe/development/src-mirror/elements/Dielectric_Elastomer_Q1P0'
make[7]: Leaving directory `/home/saman/Tahoe/development/src-mirror/elements/Dielectric_Elastomer_Q1P0'
 cd Dielectric_Elastomer_Q1P0_Elastocapillary
make[7]: Entering directory `/home/saman/Tahoe/development/src-mirror/elements/Dielectric_Elastomer_Q1P0_Elastocapillary'
make[8]: Entering directory `/home/saman/Tahoe/development/src-mirror/elements/Dielectric_Elastomer_Q1P0_Elastocapillary'
    /usr/bin/g++-4.6: FSDielectricElastomerQ1P0SurfaceT.cpp
/usr/bin/g++-4.6 -c -I/home/saman/Tahoe/tahoe/../development/inc -DNON_UNIX_STDIO -D__POSIX_THREADS__ -DEIGHT_BYTE_REAL -O3 -DNDEBUG  -Wunused -Wuninitialized -Wno-deprecated -I/home/saman/Tahoe/tahoe/../development/../development/inc -D__DEVELOPMENT__   -I/home/saman/Tahoe/tahoe/../development/../toolbox/inc -I/home/saman/Tahoe/tahoe/../development/../tahoe/inc -I/home/saman/Tahoe/tahoe/../development/../expat/include -D__EXPAT__                   -I/home/saman/Tahoe/tahoe/../development/../f2c/inc -D__F2C__  FSDielectricElastomerQ1P0SurfaceT.cpp
FSDielectricElastomerQ1P0SurfaceT.cpp:182:9: error: invalid suffix "fafca73a7239facc5b0baa304095534cbf" on floating constant
FSDielectricElastomerQ1P0SurfaceT.cpp: In member function ‘virtual void Tahoe::FSDielectricElastomerQ1P0SurfaceT::TakeParameterList(const Tahoe::ParameterListT&)’:
FSDielectricElastomerQ1P0SurfaceT.cpp:176:1: error: expected primary-expression before ‘<<’ token
FSDielectricElastomerQ1P0SurfaceT.cpp:176:3: error: expected primary-expression before ‘<<’ token
FSDielectricElastomerQ1P0SurfaceT.cpp:176:5: error: expected primary-expression before ‘<<’ token
FSDielectricElastomerQ1P0SurfaceT.cpp:176:7: error: expected primary-expression before ‘<’ token
FSDielectricElastomerQ1P0SurfaceT.cpp:176:9: error: ‘HEAD’ was not declared in this scope
FSDielectricElastomerQ1P0SurfaceT.cpp:177:3: error: expected primary-expression before ‘==’ token
FSDielectricElastomerQ1P0SurfaceT.cpp:177:5: error: expected primary-expression before ‘==’ token
FSDielectricElastomerQ1P0SurfaceT.cpp:177:7: error: expected primary-expression before ‘=’ token
FSDielectricElastomerQ1P0SurfaceT.cpp:178:32: error: expected primary-expression before ‘connects’
FSDielectricElastomerQ1P0SurfaceT.cpp:178:32: error: expected ‘;’ before ‘connects’
FSDielectricElastomerQ1P0SurfaceT.cpp:179:52: error: ‘connects’ was not declared in this scope
FSDielectricElastomerQ1P0SurfaceT.cpp:182:1: error: expected primary-expression before ‘>>’ token
FSDielectricElastomerQ1P0SurfaceT.cpp:182:3: error: expected primary-expression before ‘>>’ token
FSDielectricElastomerQ1P0SurfaceT.cpp:182:5: error: expected primary-expression before ‘>>’ token
FSDielectricElastomerQ1P0SurfaceT.cpp:182:7: error: expected primary-expression before ‘>’ token
FSDielectricElastomerQ1P0SurfaceT.cpp:185:7: error: expected ‘;’ before ‘dMatrixT’
FSDielectricElastomerQ1P0SurfaceT.cpp:213:62: error: ‘Q’ was not declared in this scope
FSDielectricElastomerQ1P0SurfaceT.cpp: In member function ‘virtual void Tahoe::FSDielectricElastomerQ1P0SurfaceT::FormStiffness(double)’:
FSDielectricElastomerQ1P0SurfaceT.cpp:347:21: error: redeclaration of ‘Tahoe::ModelManagerT& model_manager’
FSDielectricElastomerQ1P0SurfaceT.cpp:340:21: error: ‘Tahoe::ModelManagerT& model_manager’ previously declared here
FSDielectricElastomerQ1P0SurfaceT.cpp:348:20: error: redeclaration of ‘const Tahoe::iArrayT node_set_1’
FSDielectricElastomerQ1P0SurfaceT.cpp:341:20: error: ‘const Tahoe::iArrayT node_set_1’ previously declared here
FSDielectricElastomerQ1P0SurfaceT.cpp:378:29: warning: unused variable ‘surf_shape’ [-Wunused-variable]
FSDielectricElastomerQ1P0SurfaceT.cpp:300:13: warning: unused variable ‘caller’ [-Wunused-variable]
FSDielectricElastomerQ1P0SurfaceT.cpp:304:26: warning: unused variable ‘format’ [-Wunused-variable]
FSDielectricElastomerQ1P0SurfaceT.cpp:311:11: warning: unused variable ‘nfs’ [-Wunused-variable]
FSDielectricElastomerQ1P0SurfaceT.cpp:312:11: warning: unused variable ‘nsi’ [-Wunused-variable]
FSDielectricElastomerQ1P0SurfaceT.cpp:315:11: warning: unused variable ‘nme’ [-Wunused-variable]
FSDielectricElastomerQ1P0SurfaceT.cpp: In member function ‘virtual void Tahoe::FSDielectricElastomerQ1P0SurfaceT::FormKd(double)’:
FSDielectricElastomerQ1P0SurfaceT.cpp:512:47: warning: unused variable ‘surf_shape’ [-Wunused-variable]
FSDielectricElastomerQ1P0SurfaceT.cpp:454:18: warning: unused variable ‘caller’ [-Wunused-variable]
FSDielectricElastomerQ1P0SurfaceT.cpp:462:11: warning: unused variable ‘nfs’ [-Wunused-variable]
FSDielectricElastomerQ1P0SurfaceT.cpp:463:11: warning: unused variable ‘nsi’ [-Wunused-variable]
make[8]: *** [FSDielectricElastomerQ1P0SurfaceT.o] Error 1
make[8]: Leaving directory `/home/saman/Tahoe/development/src-mirror/elements/Dielectric_Elastomer_Q1P0_Elastocapillary'
make[7]: *** [objects] Error 2
make[7]: Leaving directory `/home/saman/Tahoe/development/src-mirror/elements/Dielectric_Elastomer_Q1P0_Elastocapillary'
make[7]: Entering directory `/home/saman/Tahoe/development/src-mirror/elements/Dielectric_Elastomer_Q1P0_Elastocapillary'
***
*** ERROR: target "objects"
*** ERROR: directory /home/saman/Tahoe/tahoe/../development/src-mirror/elements/Dielectric_Elastomer_Q1P0_Elastocapillary
***
make[7]: *** [exit_on_error] Error 1
make[7]: Leaving directory `/home/saman/Tahoe/development/src-mirror/elements/Dielectric_Elastomer_Q1P0_Elastocapillary'
make[6]: *** [subdir_loop] Error 1
make[6]: Leaving directory `/home/saman/Tahoe/development/src-mirror/elements'
make[5]: *** [objects] Error 2
make[5]: Leaving directory `/home/saman/Tahoe/development/src-mirror/elements'
make[5]: Entering directory `/home/saman/Tahoe/development/src-mirror/elements'
***
*** ERROR: target "objects"
*** ERROR: directory /home/saman/Tahoe/tahoe/../development/src-mirror/elements
***
make[5]: *** [exit_on_error] Error 1
make[5]: Leaving directory `/home/saman/Tahoe/development/src-mirror/elements'
make[4]: *** [subdir_loop] Error 1
make[4]: Leaving directory `/home/saman/Tahoe/development/src-mirror'
make[3]: *** [objects] Error 2
make[3]: Leaving directory `/home/saman/Tahoe/development/src-mirror'
make[2]: *** [objects] Error 2
make[2]: Leaving directory `/home/saman/Tahoe/development'
make[1]: *** [do_up_to_date] Error 1
make[1]: Leaving directory `/home/saman/Tahoe/tahoe'
make: *** [make_build_extras] Error 2
