Mon May  1 14:13:54 EDT 2017
make[1]: Entering directory `/home/saman/Tahoe/contrib/MakeCSE'
 mirroring /home/saman/Tahoe/contrib/MakeCSE/src to /home/saman/Tahoe/contrib/MakeCSE/src-mirror
perl -w /home/saman/Tahoe/contrib/MakeCSE/../../macros/MirrorTree.pl /home/saman/Tahoe/contrib/MakeCSE/src /home/saman/Tahoe/contrib/MakeCSE/src-mirror "ln -sf" > /home/saman/Tahoe/contrib/MakeCSE/mirror.log
make[1]: Leaving directory `/home/saman/Tahoe/contrib/MakeCSE'
make[1]: Entering directory `/home/saman/Tahoe/contrib/MakeCSE'
Mon May  1 14:13:54 EDT 2017
removed 13 files matching regex ".*[.]h"
cd /home/saman/Tahoe/contrib/MakeCSE/src-mirror
cd /home/saman/Tahoe/contrib/MakeCSE/src-mirror; \
	make  headers \
	"ARCH = GNU-GCC4.6" \
	"MACRO_DIR = /home/saman/Tahoe/contrib/MakeCSE/../../macros" \
	"INC_DIR = /home/saman/Tahoe/contrib/MakeCSE/inc" \
	"SRC_DIR = /home/saman/Tahoe/contrib/MakeCSE/src-mirror" \
	"CURR_DIR = /home/saman/Tahoe/contrib/MakeCSE/src-mirror"
make[2]: Entering directory `/home/saman/Tahoe/contrib/MakeCSE/src-mirror'
    ln -sf: GlobalEdgeFinderT.h
ln -sf /home/saman/Tahoe/contrib/MakeCSE/src-mirror/GlobalEdgeFinderT.h /home/saman/Tahoe/contrib/MakeCSE/inc/GlobalEdgeFinderT.h
    ln -sf: MakeCSE_ElementBaseT.h
ln -sf /home/saman/Tahoe/contrib/MakeCSE/src-mirror/MakeCSE_ElementBaseT.h /home/saman/Tahoe/contrib/MakeCSE/inc/MakeCSE_ElementBaseT.h
    ln -sf: MakeCSE_CSEBaseT.h
ln -sf /home/saman/Tahoe/contrib/MakeCSE/src-mirror/MakeCSE_CSEBaseT.h /home/saman/Tahoe/contrib/MakeCSE/inc/MakeCSE_CSEBaseT.h
    ln -sf: MakeCSE_FEManager.h
ln -sf /home/saman/Tahoe/contrib/MakeCSE/src-mirror/MakeCSE_FEManager.h /home/saman/Tahoe/contrib/MakeCSE/inc/MakeCSE_FEManager.h
    ln -sf: MakeCSE.h
ln -sf /home/saman/Tahoe/contrib/MakeCSE/src-mirror/MakeCSE.h /home/saman/Tahoe/contrib/MakeCSE/inc/MakeCSE.h
    ln -sf: MakeCSE_IOManager.h
ln -sf /home/saman/Tahoe/contrib/MakeCSE/src-mirror/MakeCSE_IOManager.h /home/saman/Tahoe/contrib/MakeCSE/inc/MakeCSE_IOManager.h
    ln -sf: NodeManagerPrimitive.h
ln -sf /home/saman/Tahoe/contrib/MakeCSE/src-mirror/NodeManagerPrimitive.h /home/saman/Tahoe/contrib/MakeCSE/inc/NodeManagerPrimitive.h
    ln -sf: Quad2Tri.h
ln -sf /home/saman/Tahoe/contrib/MakeCSE/src-mirror/Quad2Tri.h /home/saman/Tahoe/contrib/MakeCSE/inc/Quad2Tri.h
    ln -sf: CSEConstants.h
ln -sf /home/saman/Tahoe/contrib/MakeCSE/src-mirror/CSEConstants.h /home/saman/Tahoe/contrib/MakeCSE/inc/CSEConstants.h
    ln -sf: InteractiveIOManagerT.h
ln -sf /home/saman/Tahoe/contrib/MakeCSE/src-mirror/InteractiveIOManagerT.h /home/saman/Tahoe/contrib/MakeCSE/inc/InteractiveIOManagerT.h
    ln -sf: ParameterFileManagerT.h
ln -sf /home/saman/Tahoe/contrib/MakeCSE/src-mirror/ParameterFileManagerT.h /home/saman/Tahoe/contrib/MakeCSE/inc/ParameterFileManagerT.h
    ln -sf: MakeCSE_ExecutionT.h
ln -sf /home/saman/Tahoe/contrib/MakeCSE/src-mirror/MakeCSE_ExecutionT.h /home/saman/Tahoe/contrib/MakeCSE/inc/MakeCSE_ExecutionT.h
    ln -sf: ClockT.h
ln -sf /home/saman/Tahoe/contrib/MakeCSE/src-mirror/ClockT.h /home/saman/Tahoe/contrib/MakeCSE/inc/ClockT.h
make[3]: Entering directory `/home/saman/Tahoe/contrib/MakeCSE/src-mirror'
make[3]: Nothing to be done for `subdir_driver'.
make[3]: Leaving directory `/home/saman/Tahoe/contrib/MakeCSE/src-mirror'
make[2]: Leaving directory `/home/saman/Tahoe/contrib/MakeCSE/src-mirror'
make[1]: Leaving directory `/home/saman/Tahoe/contrib/MakeCSE'
make[1]: Entering directory `/home/saman/Tahoe/contrib/MakeCSE'
Mon May  1 14:13:54 EDT 2017
cd /home/saman/Tahoe/contrib/MakeCSE/src-mirror
cd /home/saman/Tahoe/contrib/MakeCSE/src-mirror; \
	make  depend_init \
	"ARCH = GNU-GCC4.6" \
	"SRC_DIR = /home/saman/Tahoe/contrib/MakeCSE/src-mirror" \
	"INC_DIR = /home/saman/Tahoe/contrib/MakeCSE/inc" \
	"MACRO_DIR = /home/saman/Tahoe/contrib/MakeCSE/../../macros" \
	"OPT_MAKEDEPENDFLAGS =      -I/home/saman/Tahoe/contrib/MakeCSE/../../toolbox/inc -I/home/saman/Tahoe/contrib/MakeCSE/../../tahoe/inc                 -I/usr/local/ACCESS/inc                      -D__ACCESS__   " \
	"MOD_MAKEDEPENDFLAGS = " \
	"CURR_DIR = /home/saman/Tahoe/contrib/MakeCSE/src-mirror"
make[2]: Entering directory `/home/saman/Tahoe/contrib/MakeCSE/src-mirror'
make[3]: Entering directory `/home/saman/Tahoe/contrib/MakeCSE/src-mirror'
removed 13 files matching regex ".*[.]d"
make[3]: Leaving directory `/home/saman/Tahoe/contrib/MakeCSE/src-mirror'
make[3]: Entering directory `/home/saman/Tahoe/contrib/MakeCSE/src-mirror'
    /usr/bin/g++-4.6 -MM: MakeCSE_IOManager.cpp
/usr/bin/g++-4.6 -MM -I/home/saman/Tahoe/contrib/MakeCSE/inc -DNON_UNIX_STDIO -D__POSIX_THREADS__ -DEIGHT_BYTE_REAL -Wno-deprecated -I/home/saman/Tahoe/contrib/MakeCSE/../../toolbox/inc -I/home/saman/Tahoe/contrib/MakeCSE/../../tahoe/inc                 -I/usr/local/ACCESS/inc                      -D__ACCESS__     -MFMakeCSE_IOManager.d MakeCSE_IOManager.cpp
    /usr/bin/g++-4.6 -MM: MakeCSE_FEManager.cpp
/usr/bin/g++-4.6 -MM -I/home/saman/Tahoe/contrib/MakeCSE/inc -DNON_UNIX_STDIO -D__POSIX_THREADS__ -DEIGHT_BYTE_REAL -Wno-deprecated -I/home/saman/Tahoe/contrib/MakeCSE/../../toolbox/inc -I/home/saman/Tahoe/contrib/MakeCSE/../../tahoe/inc                 -I/usr/local/ACCESS/inc                      -D__ACCESS__     -MFMakeCSE_FEManager.d MakeCSE_FEManager.cpp
    /usr/bin/g++-4.6 -MM: MakeCSE_ElementBaseT.cpp
/usr/bin/g++-4.6 -MM -I/home/saman/Tahoe/contrib/MakeCSE/inc -DNON_UNIX_STDIO -D__POSIX_THREADS__ -DEIGHT_BYTE_REAL -Wno-deprecated -I/home/saman/Tahoe/contrib/MakeCSE/../../toolbox/inc -I/home/saman/Tahoe/contrib/MakeCSE/../../tahoe/inc                 -I/usr/local/ACCESS/inc                      -D__ACCESS__     -MFMakeCSE_ElementBaseT.d MakeCSE_ElementBaseT.cpp
    /usr/bin/g++-4.6 -MM: Quad2Tri.cpp
/usr/bin/g++-4.6 -MM -I/home/saman/Tahoe/contrib/MakeCSE/inc -DNON_UNIX_STDIO -D__POSIX_THREADS__ -DEIGHT_BYTE_REAL -Wno-deprecated -I/home/saman/Tahoe/contrib/MakeCSE/../../toolbox/inc -I/home/saman/Tahoe/contrib/MakeCSE/../../tahoe/inc                 -I/usr/local/ACCESS/inc                      -D__ACCESS__     -MFQuad2Tri.d Quad2Tri.cpp
    /usr/bin/g++-4.6 -MM: MakeCSE_CSEBaseT.cpp
/usr/bin/g++-4.6 -MM -I/home/saman/Tahoe/contrib/MakeCSE/inc -DNON_UNIX_STDIO -D__POSIX_THREADS__ -DEIGHT_BYTE_REAL -Wno-deprecated -I/home/saman/Tahoe/contrib/MakeCSE/../../toolbox/inc -I/home/saman/Tahoe/contrib/MakeCSE/../../tahoe/inc                 -I/usr/local/ACCESS/inc                      -D__ACCESS__     -MFMakeCSE_CSEBaseT.d MakeCSE_CSEBaseT.cpp
    /usr/bin/g++-4.6 -MM: MakeCSE.cpp
/usr/bin/g++-4.6 -MM -I/home/saman/Tahoe/contrib/MakeCSE/inc -DNON_UNIX_STDIO -D__POSIX_THREADS__ -DEIGHT_BYTE_REAL -Wno-deprecated -I/home/saman/Tahoe/contrib/MakeCSE/../../toolbox/inc -I/home/saman/Tahoe/contrib/MakeCSE/../../tahoe/inc                 -I/usr/local/ACCESS/inc                      -D__ACCESS__     -MFMakeCSE.d MakeCSE.cpp
    /usr/bin/g++-4.6 -MM: GlobalEdgeFinderT.cpp
/usr/bin/g++-4.6 -MM -I/home/saman/Tahoe/contrib/MakeCSE/inc -DNON_UNIX_STDIO -D__POSIX_THREADS__ -DEIGHT_BYTE_REAL -Wno-deprecated -I/home/saman/Tahoe/contrib/MakeCSE/../../toolbox/inc -I/home/saman/Tahoe/contrib/MakeCSE/../../tahoe/inc                 -I/usr/local/ACCESS/inc                      -D__ACCESS__     -MFGlobalEdgeFinderT.d GlobalEdgeFinderT.cpp
    /usr/bin/g++-4.6 -MM: NodeManagerPrimitive.cpp
/usr/bin/g++-4.6 -MM -I/home/saman/Tahoe/contrib/MakeCSE/inc -DNON_UNIX_STDIO -D__POSIX_THREADS__ -DEIGHT_BYTE_REAL -Wno-deprecated -I/home/saman/Tahoe/contrib/MakeCSE/../../toolbox/inc -I/home/saman/Tahoe/contrib/MakeCSE/../../tahoe/inc                 -I/usr/local/ACCESS/inc                      -D__ACCESS__     -MFNodeManagerPrimitive.d NodeManagerPrimitive.cpp
    /usr/bin/g++-4.6 -MM: CSEConstants.cpp
/usr/bin/g++-4.6 -MM -I/home/saman/Tahoe/contrib/MakeCSE/inc -DNON_UNIX_STDIO -D__POSIX_THREADS__ -DEIGHT_BYTE_REAL -Wno-deprecated -I/home/saman/Tahoe/contrib/MakeCSE/../../toolbox/inc -I/home/saman/Tahoe/contrib/MakeCSE/../../tahoe/inc                 -I/usr/local/ACCESS/inc                      -D__ACCESS__     -MFCSEConstants.d CSEConstants.cpp
    /usr/bin/g++-4.6 -MM: InteractiveIOManagerT.cpp
/usr/bin/g++-4.6 -MM -I/home/saman/Tahoe/contrib/MakeCSE/inc -DNON_UNIX_STDIO -D__POSIX_THREADS__ -DEIGHT_BYTE_REAL -Wno-deprecated -I/home/saman/Tahoe/contrib/MakeCSE/../../toolbox/inc -I/home/saman/Tahoe/contrib/MakeCSE/../../tahoe/inc                 -I/usr/local/ACCESS/inc                      -D__ACCESS__     -MFInteractiveIOManagerT.d InteractiveIOManagerT.cpp
    /usr/bin/g++-4.6 -MM: main.cpp
/usr/bin/g++-4.6 -MM -I/home/saman/Tahoe/contrib/MakeCSE/inc -DNON_UNIX_STDIO -D__POSIX_THREADS__ -DEIGHT_BYTE_REAL -Wno-deprecated -I/home/saman/Tahoe/contrib/MakeCSE/../../toolbox/inc -I/home/saman/Tahoe/contrib/MakeCSE/../../tahoe/inc                 -I/usr/local/ACCESS/inc                      -D__ACCESS__     -MFmain.d main.cpp
    /usr/bin/g++-4.6 -MM: ParameterFileManagerT.cpp
/usr/bin/g++-4.6 -MM -I/home/saman/Tahoe/contrib/MakeCSE/inc -DNON_UNIX_STDIO -D__POSIX_THREADS__ -DEIGHT_BYTE_REAL -Wno-deprecated -I/home/saman/Tahoe/contrib/MakeCSE/../../toolbox/inc -I/home/saman/Tahoe/contrib/MakeCSE/../../tahoe/inc                 -I/usr/local/ACCESS/inc                      -D__ACCESS__     -MFParameterFileManagerT.d ParameterFileManagerT.cpp
    /usr/bin/g++-4.6 -MM: MakeCSE_ExecutionT.cpp
/usr/bin/g++-4.6 -MM -I/home/saman/Tahoe/contrib/MakeCSE/inc -DNON_UNIX_STDIO -D__POSIX_THREADS__ -DEIGHT_BYTE_REAL -Wno-deprecated -I/home/saman/Tahoe/contrib/MakeCSE/../../toolbox/inc -I/home/saman/Tahoe/contrib/MakeCSE/../../tahoe/inc                 -I/usr/local/ACCESS/inc                      -D__ACCESS__     -MFMakeCSE_ExecutionT.d MakeCSE_ExecutionT.cpp
    cat: MakeCSE_IOManager.d MakeCSE_FEManager.d MakeCSE_ElementBaseT.d Quad2Tri.d MakeCSE_CSEBaseT.d MakeCSE.d GlobalEdgeFinderT.d NodeManagerPrimitive.d CSEConstants.d InteractiveIOManagerT.d main.d ParameterFileManagerT.d MakeCSE_ExecutionT.d > all.depend
make[3]: Leaving directory `/home/saman/Tahoe/contrib/MakeCSE/src-mirror'
make[3]: Entering directory `/home/saman/Tahoe/contrib/MakeCSE/src-mirror'
make[3]: Nothing to be done for `subdir_driver'.
make[3]: Leaving directory `/home/saman/Tahoe/contrib/MakeCSE/src-mirror'
make[2]: Leaving directory `/home/saman/Tahoe/contrib/MakeCSE/src-mirror'
make[1]: Leaving directory `/home/saman/Tahoe/contrib/MakeCSE'
make[1]: Entering directory `/home/saman/Tahoe/contrib/MakeCSE'
collecting list of object files
cd /home/saman/Tahoe/contrib/MakeCSE/src-mirror; \
	make library \
	"ARCH = GNU-GCC4.6" \
	"HOME_DIR = /home/saman/Tahoe/contrib/MakeCSE" \
	"MACRO_DIR = /home/saman/Tahoe/contrib/MakeCSE/../../macros" \
	"LIBRARY = /home/saman/Tahoe/contrib/MakeCSE/object_list" \
	"SRC_DIR = /home/saman/Tahoe/contrib/MakeCSE/src-mirror" \
	"LIB_DIR = /home/saman/Tahoe/contrib/MakeCSE/lib" \
	"CURR_DIR = /home/saman/Tahoe/contrib/MakeCSE/src-mirror"
make[2]: Entering directory `/home/saman/Tahoe/contrib/MakeCSE/src-mirror'
make[3]: Entering directory `/home/saman/Tahoe/contrib/MakeCSE/src-mirror'
make[3]: Nothing to be done for `subdir_driver'.
make[3]: Leaving directory `/home/saman/Tahoe/contrib/MakeCSE/src-mirror'
make[2]: Leaving directory `/home/saman/Tahoe/contrib/MakeCSE/src-mirror'
make[1]: Leaving directory `/home/saman/Tahoe/contrib/MakeCSE'
