     source directory: /home/saman/Tahoe/contrib/MakeCSE/src
destination directory: /home/saman/Tahoe/contrib/MakeCSE/src-mirror
           ln command: ln -sf
found source directory /home/saman/Tahoe/contrib/MakeCSE/src
found destination directory /home/saman/Tahoe/contrib/MakeCSE/src-mirror
ln -sf /home/saman/Tahoe/contrib/MakeCSE/src/MakeCSE.cpp /home/saman/Tahoe/contrib/MakeCSE/src-mirror/MakeCSE.cpp
ln -sf /home/saman/Tahoe/contrib/MakeCSE/src/MakeCSE_IOManager.h /home/saman/Tahoe/contrib/MakeCSE/src-mirror/MakeCSE_IOManager.h
ln -sf /home/saman/Tahoe/contrib/MakeCSE/src/main.cpp /home/saman/Tahoe/contrib/MakeCSE/src-mirror/main.cpp
ln -sf /home/saman/Tahoe/contrib/MakeCSE/src/MakeCSE_FEManager.cpp /home/saman/Tahoe/contrib/MakeCSE/src-mirror/MakeCSE_FEManager.cpp
ln -sf /home/saman/Tahoe/contrib/MakeCSE/src/ClockT.h /home/saman/Tahoe/contrib/MakeCSE/src-mirror/ClockT.h
ln -sf /home/saman/Tahoe/contrib/MakeCSE/src/NodeManagerPrimitive.cpp /home/saman/Tahoe/contrib/MakeCSE/src-mirror/NodeManagerPrimitive.cpp
ln -sf /home/saman/Tahoe/contrib/MakeCSE/src/MakeCSE_ExecutionT.h /home/saman/Tahoe/contrib/MakeCSE/src-mirror/MakeCSE_ExecutionT.h
ln -sf /home/saman/Tahoe/contrib/MakeCSE/src/MakeCSE_ExecutionT.cpp /home/saman/Tahoe/contrib/MakeCSE/src-mirror/MakeCSE_ExecutionT.cpp
ln -sf /home/saman/Tahoe/contrib/MakeCSE/src/MakeCSE_CSEBaseT.cpp /home/saman/Tahoe/contrib/MakeCSE/src-mirror/MakeCSE_CSEBaseT.cpp
ln -sf /home/saman/Tahoe/contrib/MakeCSE/src/MakeCSE_FEManager.h /home/saman/Tahoe/contrib/MakeCSE/src-mirror/MakeCSE_FEManager.h
ln -sf /home/saman/Tahoe/contrib/MakeCSE/src/MakeCSE_IOManager.cpp /home/saman/Tahoe/contrib/MakeCSE/src-mirror/MakeCSE_IOManager.cpp
ln -sf /home/saman/Tahoe/contrib/MakeCSE/src/Quad2Tri.cpp /home/saman/Tahoe/contrib/MakeCSE/src-mirror/Quad2Tri.cpp
processing directory /home/saman/Tahoe/contrib/MakeCSE/src/misc
found destination directory /home/saman/Tahoe/contrib/MakeCSE/src-mirror/misc
     source directory: /home/saman/Tahoe/contrib/MakeCSE/src/misc
destination directory: /home/saman/Tahoe/contrib/MakeCSE/src-mirror/misc
           ln command: ln -sf
found source directory /home/saman/Tahoe/contrib/MakeCSE/src/misc
found destination directory /home/saman/Tahoe/contrib/MakeCSE/src-mirror/misc
processing directory /home/saman/Tahoe/contrib/MakeCSE/src/ifstream_x
found destination directory /home/saman/Tahoe/contrib/MakeCSE/src-mirror/ifstream_x
     source directory: /home/saman/Tahoe/contrib/MakeCSE/src/ifstream_x
destination directory: /home/saman/Tahoe/contrib/MakeCSE/src-mirror/ifstream_x
           ln command: ln -sf
found source directory /home/saman/Tahoe/contrib/MakeCSE/src/ifstream_x
found destination directory /home/saman/Tahoe/contrib/MakeCSE/src-mirror/ifstream_x
ln -sf /home/saman/Tahoe/contrib/MakeCSE/src/makefile /home/saman/Tahoe/contrib/MakeCSE/src-mirror/makefile
ln -sf /home/saman/Tahoe/contrib/MakeCSE/src/InteractiveIOManagerT.h /home/saman/Tahoe/contrib/MakeCSE/src-mirror/InteractiveIOManagerT.h
ln -sf /home/saman/Tahoe/contrib/MakeCSE/src/MakeCSE_CSEBaseT.h /home/saman/Tahoe/contrib/MakeCSE/src-mirror/MakeCSE_CSEBaseT.h
processing directory /home/saman/Tahoe/contrib/MakeCSE/src/dataio
found destination directory /home/saman/Tahoe/contrib/MakeCSE/src-mirror/dataio
     source directory: /home/saman/Tahoe/contrib/MakeCSE/src/dataio
destination directory: /home/saman/Tahoe/contrib/MakeCSE/src-mirror/dataio
           ln command: ln -sf
found source directory /home/saman/Tahoe/contrib/MakeCSE/src/dataio
found destination directory /home/saman/Tahoe/contrib/MakeCSE/src-mirror/dataio
processing directory /home/saman/Tahoe/contrib/MakeCSE/src/dataio/input
found destination directory /home/saman/Tahoe/contrib/MakeCSE/src-mirror/dataio/input
     source directory: /home/saman/Tahoe/contrib/MakeCSE/src/dataio/input
destination directory: /home/saman/Tahoe/contrib/MakeCSE/src-mirror/dataio/input
           ln command: ln -sf
found source directory /home/saman/Tahoe/contrib/MakeCSE/src/dataio/input
found destination directory /home/saman/Tahoe/contrib/MakeCSE/src-mirror/dataio/input
processing directory /home/saman/Tahoe/contrib/MakeCSE/src/dataio/database
found destination directory /home/saman/Tahoe/contrib/MakeCSE/src-mirror/dataio/database
     source directory: /home/saman/Tahoe/contrib/MakeCSE/src/dataio/database
destination directory: /home/saman/Tahoe/contrib/MakeCSE/src-mirror/dataio/database
           ln command: ln -sf
found source directory /home/saman/Tahoe/contrib/MakeCSE/src/dataio/database
found destination directory /home/saman/Tahoe/contrib/MakeCSE/src-mirror/dataio/database
processing directory /home/saman/Tahoe/contrib/MakeCSE/src/dataio/output
found destination directory /home/saman/Tahoe/contrib/MakeCSE/src-mirror/dataio/output
     source directory: /home/saman/Tahoe/contrib/MakeCSE/src/dataio/output
destination directory: /home/saman/Tahoe/contrib/MakeCSE/src-mirror/dataio/output
           ln command: ln -sf
found source directory /home/saman/Tahoe/contrib/MakeCSE/src/dataio/output
found destination directory /home/saman/Tahoe/contrib/MakeCSE/src-mirror/dataio/output
processing directory /home/saman/Tahoe/contrib/MakeCSE/src/array
found destination directory /home/saman/Tahoe/contrib/MakeCSE/src-mirror/array
     source directory: /home/saman/Tahoe/contrib/MakeCSE/src/array
destination directory: /home/saman/Tahoe/contrib/MakeCSE/src-mirror/array
           ln command: ln -sf
found source directory /home/saman/Tahoe/contrib/MakeCSE/src/array
found destination directory /home/saman/Tahoe/contrib/MakeCSE/src-mirror/array
ln -sf /home/saman/Tahoe/contrib/MakeCSE/src/CSEConstants.cpp /home/saman/Tahoe/contrib/MakeCSE/src-mirror/CSEConstants.cpp
ln -sf /home/saman/Tahoe/contrib/MakeCSE/src/GlobalEdgeFinderT.h /home/saman/Tahoe/contrib/MakeCSE/src-mirror/GlobalEdgeFinderT.h
ln -sf /home/saman/Tahoe/contrib/MakeCSE/src/MakeCSE_ElementBaseT.cpp /home/saman/Tahoe/contrib/MakeCSE/src-mirror/MakeCSE_ElementBaseT.cpp
ln -sf /home/saman/Tahoe/contrib/MakeCSE/src/Quad2Tri.h /home/saman/Tahoe/contrib/MakeCSE/src-mirror/Quad2Tri.h
ln -sf /home/saman/Tahoe/contrib/MakeCSE/src/ParameterFileManagerT.cpp /home/saman/Tahoe/contrib/MakeCSE/src-mirror/ParameterFileManagerT.cpp
ln -sf /home/saman/Tahoe/contrib/MakeCSE/src/GlobalEdgeFinderT.cpp /home/saman/Tahoe/contrib/MakeCSE/src-mirror/GlobalEdgeFinderT.cpp
ln -sf /home/saman/Tahoe/contrib/MakeCSE/src/MakeCSE.h /home/saman/Tahoe/contrib/MakeCSE/src-mirror/MakeCSE.h
ln -sf /home/saman/Tahoe/contrib/MakeCSE/src/NodeManagerPrimitive.h /home/saman/Tahoe/contrib/MakeCSE/src-mirror/NodeManagerPrimitive.h
ln -sf /home/saman/Tahoe/contrib/MakeCSE/src/ParameterFileManagerT.h /home/saman/Tahoe/contrib/MakeCSE/src-mirror/ParameterFileManagerT.h
ln -sf /home/saman/Tahoe/contrib/MakeCSE/src/CSEConstants.h /home/saman/Tahoe/contrib/MakeCSE/src-mirror/CSEConstants.h
processing directory /home/saman/Tahoe/contrib/MakeCSE/src/geometry
found destination directory /home/saman/Tahoe/contrib/MakeCSE/src-mirror/geometry
     source directory: /home/saman/Tahoe/contrib/MakeCSE/src/geometry
destination directory: /home/saman/Tahoe/contrib/MakeCSE/src-mirror/geometry
           ln command: ln -sf
found source directory /home/saman/Tahoe/contrib/MakeCSE/src/geometry
found destination directory /home/saman/Tahoe/contrib/MakeCSE/src-mirror/geometry
ln -sf /home/saman/Tahoe/contrib/MakeCSE/src/InteractiveIOManagerT.cpp /home/saman/Tahoe/contrib/MakeCSE/src-mirror/InteractiveIOManagerT.cpp
ln -sf /home/saman/Tahoe/contrib/MakeCSE/src/MakeCSE_ElementBaseT.h /home/saman/Tahoe/contrib/MakeCSE/src-mirror/MakeCSE_ElementBaseT.h
